Using launch settings from C:\Users\PC\Desktop\CRM MODEL\src\COEPD.SalesFunnelSystem.Web\Properties\launchSettings.json...
Security Warning: The negotiated TLS 1.0 is an insecure protocol and is supported for backward compatibility only. The recommended protocol version is TLS 1.2 and later.
info: Microsoft.EntityFrameworkCore.Database.Command[20101]
      Executed DbCommand (50ms) [Parameters=[], CommandType='Text', CommandTimeout='30']
      SELECT 1
info: Microsoft.EntityFrameworkCore.Database.Command[20101]
      Executed DbCommand (56ms) [Parameters=[], CommandType='Text', CommandTimeout='30']
      
      IF EXISTS
          (SELECT *
           FROM [sys].[objects] o
           WHERE [o].[type] = 'U'
           AND [o].[is_ms_shipped] = 0
           AND NOT EXISTS (SELECT *
               FROM [sys].[extended_properties] AS [ep]
               WHERE [ep].[major_id] = [o].[object_id]
                   AND [ep].[minor_id] = 0
                   AND [ep].[class] = 1
                   AND [ep].[name] = N'microsoft_database_tools_support'
          )
      )
      SELECT 1 ELSE SELECT 0
info: Microsoft.EntityFrameworkCore.Database.Command[20101]
      Executed DbCommand (84ms) [Parameters=[], CommandType='Text', CommandTimeout='30']
      IF COL_LENGTH('Leads', 'Status') IS NULL
BEGIN
    ALTER TABLE Leads
    ADD Status NVARCHAR(20) NOT NULL
    CONSTRAINT DF_Leads_Status DEFAULT 'New';
END

IF COL_LENGTH('Leads', 'Score') IS NULL
BEGIN
    ALTER TABLE Leads
    ADD Score NVARCHAR(20) NOT NULL
    CONSTRAINT DF_Leads_Score DEFAULT 'Warm';
END

IF COL_LENGTH('Leads', 'Notes') IS NULL
BEGIN
    ALTER TABLE Leads
    ADD Notes NVARCHAR(2000) NULL;
END

IF COL_LENGTH('Leads', 'FunnelStage') IS NULL
BEGIN
    ALTER TABLE Leads
    ADD FunnelStage NVARCHAR(30) NOT NULL
    CONSTRAINT DF_Leads_FunnelStage DEFAULT 'New';
END

IF COL_LENGTH('AppUsers', 'FailedLoginAttempts') IS NULL
BEGIN
    ALTER TABLE AppUsers
    ADD FailedLoginAttempts INT NOT NULL
    CONSTRAINT DF_AppUsers_FailedLoginAttempts DEFAULT 0;
END

IF COL_LENGTH('AppUsers', 'LockoutEndUtc') IS NULL
BEGIN
    ALTER TABLE AppUsers
    ADD LockoutEndUtc DATETIME2 NULL;
END

IF COL_LENGTH('AppUsers', 'LastLoginAtUtc') IS NULL
BEGIN
    ALTER TABLE AppUsers
    ADD LastLoginAtUtc DATETIME2 NULL;
END

IF NOT EXISTS (SELECT 1 FROM sys.indexes WHERE name = 'IX_Leads_Email' AND object_id = OBJECT_ID('Leads'))
BEGIN
    CREATE UNIQUE INDEX IX_Leads_Email ON Leads(Email);
END

IF NOT EXISTS (SELECT 1 FROM sys.indexes WHERE name = 'IX_Leads_Phone' AND object_id = OBJECT_ID('Leads'))
BEGIN
    CREATE UNIQUE INDEX IX_Leads_Phone ON Leads(Phone);
END

IF NOT EXISTS (SELECT 1 FROM sys.indexes WHERE name = 'IX_Leads_CreatedAt' AND object_id = OBJECT_ID('Leads'))
BEGIN
    CREATE INDEX IX_Leads_CreatedAt ON Leads(CreatedAt);
END

IF NOT EXISTS (SELECT 1 FROM sys.indexes WHERE name = 'IX_Leads_Status' AND object_id = OBJECT_ID('Leads'))
BEGIN
    CREATE INDEX IX_Leads_Status ON Leads(Status);
END

IF NOT EXISTS (SELECT 1 FROM sys.indexes WHERE name = 'IX_Leads_Source' AND object_id = OBJECT_ID('Leads'))
BEGIN
    CREATE INDEX IX_Leads_Source ON Leads(Source);
END

IF NOT EXISTS (SELECT 1 FROM sys.indexes WHERE name = 'IX_Leads_InterestedDomain' AND object_id = OBJECT_ID('Leads'))
BEGIN
    CREATE INDEX IX_Leads_InterestedDomain ON Leads(InterestedDomain);
END

IF NOT EXISTS (SELECT 1 FROM sys.indexes WHERE name = 'IX_Leads_Status_CreatedAt' AND object_id = OBJECT_ID('Leads'))
BEGIN
    CREATE INDEX IX_Leads_Status_CreatedAt ON Leads(Status, CreatedAt);
END

IF OBJECT_ID('LeadActivityLogs', 'U') IS NULL
BEGIN
    CREATE TABLE LeadActivityLogs (
        Id INT IDENTITY(1,1) NOT NULL PRIMARY KEY,
        LeadId INT NOT NULL,
        ActivityType NVARCHAR(60) NOT NULL,
        Message NVARCHAR(500) NOT NULL,
        Status NVARCHAR(30) NOT NULL,
        CreatedAt DATETIME2 NOT NULL DEFAULT SYSUTCDATETIME()
    );

    CREATE INDEX IX_LeadActivityLogs_LeadId ON LeadActivityLogs (LeadId);
END

IF OBJECT_ID('FunnelEvents', 'U') IS NULL
BEGIN
    CREATE TABLE FunnelEvents (
        Id INT IDENTITY(1,1) NOT NULL PRIMARY KEY,
        LeadId INT NOT NULL,
        Stage NVARCHAR(20) NOT NULL,
        Timestamp DATETIME2 NOT NULL DEFAULT SYSUTCDATETIME()
    );

    CREATE INDEX IX_FunnelEvents_LeadId ON FunnelEvents (LeadId);
    CREATE INDEX IX_FunnelEvents_Stage ON FunnelEvents (Stage);
END

IF OBJECT_ID('LeadFollowUpJobs', 'U') IS NULL
BEGIN
    CREATE TABLE LeadFollowUpJobs (
        Id INT IDENTITY(1,1) NOT NULL PRIMARY KEY,
        LeadId INT NOT NULL,
        FollowUpType NVARCHAR(30) NOT NULL,
        DueAt DATETIME2 NOT NULL,
        Status NVARCHAR(20) NOT NULL DEFAULT 'Pending',
        AttemptCount INT NOT NULL DEFAULT 0,
        ProcessedAt DATETIME2 NULL,
        CreatedAt DATETIME2 NOT NULL DEFAULT SYSUTCDATETIME()
    );

    CREATE INDEX IX_LeadFollowUpJobs_DueAt ON LeadFollowUpJobs (DueAt);
    CREATE INDEX IX_LeadFollowUpJobs_Status_DueAt ON LeadFollowUpJobs (Status, DueAt);
END

IF EXISTS (SELECT 1 FROM DemoBookings WHERE Status = 'Booked')
BEGIN
    UPDATE DemoBookings
    SET Status = 'Confirmed'
    WHERE Status = 'Booked';
END
info: Microsoft.EntityFrameworkCore.Database.Command[20101]
      Executed DbCommand (19ms) [Parameters=[], CommandType='Text', CommandTimeout='30']
      SELECT CASE
          WHEN EXISTS (
              SELECT 1
              FROM [AppUsers] AS [a]) THEN CAST(1 AS bit)
          ELSE CAST(0 AS bit)
      END
info: Microsoft.EntityFrameworkCore.Database.Command[20101]
      Executed DbCommand (55ms) [Parameters=[], CommandType='Text', CommandTimeout='30']
      SELECT CASE
          WHEN EXISTS (
              SELECT 1
              FROM [Leads] AS [l]) THEN CAST(1 AS bit)
          ELSE CAST(0 AS bit)
      END
info: Microsoft.EntityFrameworkCore.Database.Command[20101]
      Executed DbCommand (74ms) [Parameters=[@__p_1='?' (DbType = Int32), @__utcNow_0='?' (DbType = DateTime2)], CommandType='Text', CommandTimeout='30']
      SELECT TOP(@__p_1) [l].[Id], [l].[AttemptCount], [l].[CreatedAt], [l].[DueAt], [l].[FollowUpType], [l].[LeadId], [l].[ProcessedAt], [l].[Status]
      FROM [LeadFollowUpJobs] AS [l]
      WHERE [l].[Status] = N'Pending' AND [l].[DueAt] <= @__utcNow_0
      ORDER BY [l].[DueAt]
warn: Microsoft.AspNetCore.Server.Kestrel.Core.KestrelServer[8]
      The ASP.NET Core developer certificate is not trusted. For information about trusting the ASP.NET Core developer certificate, see https://aka.ms/aspnet/https-trust-dev-cert.
info: Microsoft.Hosting.Lifetime[14]
      Now listening on: https://localhost:7065
info: Microsoft.Hosting.Lifetime[14]
      Now listening on: http://localhost:5065
info: Microsoft.Hosting.Lifetime[0]
      Application started. Press Ctrl+C to shut down.
info: Microsoft.Hosting.Lifetime[0]
      Hosting environment: Development
info: Microsoft.Hosting.Lifetime[0]
      Content root path: C:\Users\PC\Desktop\CRM MODEL\src\COEPD.SalesFunnelSystem.Web
info: Microsoft.EntityFrameworkCore.Database.Command[20101]
      Executed DbCommand (1ms) [Parameters=[@__p_1='?' (DbType = Int32), @__utcNow_0='?' (DbType = DateTime2)], CommandType='Text', CommandTimeout='30']
      SELECT TOP(@__p_1) [l].[Id], [l].[AttemptCount], [l].[CreatedAt], [l].[DueAt], [l].[FollowUpType], [l].[LeadId], [l].[ProcessedAt], [l].[Status]
      FROM [LeadFollowUpJobs] AS [l]
      WHERE [l].[Status] = N'Pending' AND [l].[DueAt] <= @__utcNow_0
      ORDER BY [l].[DueAt]
info: Microsoft.EntityFrameworkCore.Database.Command[20101]
      Executed DbCommand (2ms) [Parameters=[@__p_1='?' (DbType = Int32), @__utcNow_0='?' (DbType = DateTime2)], CommandType='Text', CommandTimeout='30']
      SELECT TOP(@__p_1) [l].[Id], [l].[AttemptCount], [l].[CreatedAt], [l].[DueAt], [l].[FollowUpType], [l].[LeadId], [l].[ProcessedAt], [l].[Status]
      FROM [LeadFollowUpJobs] AS [l]
      WHERE [l].[Status] = N'Pending' AND [l].[DueAt] <= @__utcNow_0
      ORDER BY [l].[DueAt]
info: Microsoft.EntityFrameworkCore.Database.Command[20101]
      Executed DbCommand (1ms) [Parameters=[@__p_1='?' (DbType = Int32), @__utcNow_0='?' (DbType = DateTime2)], CommandType='Text', CommandTimeout='30']
      SELECT TOP(@__p_1) [l].[Id], [l].[AttemptCount], [l].[CreatedAt], [l].[DueAt], [l].[FollowUpType], [l].[LeadId], [l].[ProcessedAt], [l].[Status]
      FROM [LeadFollowUpJobs] AS [l]
      WHERE [l].[Status] = N'Pending' AND [l].[DueAt] <= @__utcNow_0
      ORDER BY [l].[DueAt]
info: Microsoft.EntityFrameworkCore.Database.Command[20101]
      Executed DbCommand (1ms) [Parameters=[@__p_1='?' (DbType = Int32), @__utcNow_0='?' (DbType = DateTime2)], CommandType='Text', CommandTimeout='30']
      SELECT TOP(@__p_1) [l].[Id], [l].[AttemptCount], [l].[CreatedAt], [l].[DueAt], [l].[FollowUpType], [l].[LeadId], [l].[ProcessedAt], [l].[Status]
      FROM [LeadFollowUpJobs] AS [l]
      WHERE [l].[Status] = N'Pending' AND [l].[DueAt] <= @__utcNow_0
      ORDER BY [l].[DueAt]
info: Microsoft.EntityFrameworkCore.Database.Command[20101]
      Executed DbCommand (2ms) [Parameters=[@__p_1='?' (DbType = Int32), @__utcNow_0='?' (DbType = DateTime2)], CommandType='Text', CommandTimeout='30']
      SELECT TOP(@__p_1) [l].[Id], [l].[AttemptCount], [l].[CreatedAt], [l].[DueAt], [l].[FollowUpType], [l].[LeadId], [l].[ProcessedAt], [l].[Status]
      FROM [LeadFollowUpJobs] AS [l]
      WHERE [l].[Status] = N'Pending' AND [l].[DueAt] <= @__utcNow_0
      ORDER BY [l].[DueAt]
info: Microsoft.EntityFrameworkCore.Database.Command[20101]
      Executed DbCommand (1ms) [Parameters=[@__p_1='?' (DbType = Int32), @__utcNow_0='?' (DbType = DateTime2)], CommandType='Text', CommandTimeout='30']
      SELECT TOP(@__p_1) [l].[Id], [l].[AttemptCount], [l].[CreatedAt], [l].[DueAt], [l].[FollowUpType], [l].[LeadId], [l].[ProcessedAt], [l].[Status]
      FROM [LeadFollowUpJobs] AS [l]
      WHERE [l].[Status] = N'Pending' AND [l].[DueAt] <= @__utcNow_0
      ORDER BY [l].[DueAt]
info: Microsoft.EntityFrameworkCore.Database.Command[20101]
      Executed DbCommand (3ms) [Parameters=[@__p_1='?' (DbType = Int32), @__utcNow_0='?' (DbType = DateTime2)], CommandType='Text', CommandTimeout='30']
      SELECT TOP(@__p_1) [l].[Id], [l].[AttemptCount], [l].[CreatedAt], [l].[DueAt], [l].[FollowUpType], [l].[LeadId], [l].[ProcessedAt], [l].[Status]
      FROM [LeadFollowUpJobs] AS [l]
      WHERE [l].[Status] = N'Pending' AND [l].[DueAt] <= @__utcNow_0
      ORDER BY [l].[DueAt]
info: Microsoft.EntityFrameworkCore.Database.Command[20101]
      Executed DbCommand (1ms) [Parameters=[@__p_1='?' (DbType = Int32), @__utcNow_0='?' (DbType = DateTime2)], CommandType='Text', CommandTimeout='30']
      SELECT TOP(@__p_1) [l].[Id], [l].[AttemptCount], [l].[CreatedAt], [l].[DueAt], [l].[FollowUpType], [l].[LeadId], [l].[ProcessedAt], [l].[Status]
      FROM [LeadFollowUpJobs] AS [l]
      WHERE [l].[Status] = N'Pending' AND [l].[DueAt] <= @__utcNow_0
      ORDER BY [l].[DueAt]
info: Microsoft.EntityFrameworkCore.Database.Command[20101]
      Executed DbCommand (3ms) [Parameters=[@__p_1='?' (DbType = Int32), @__utcNow_0='?' (DbType = DateTime2)], CommandType='Text', CommandTimeout='30']
      SELECT TOP(@__p_1) [l].[Id], [l].[AttemptCount], [l].[CreatedAt], [l].[DueAt], [l].[FollowUpType], [l].[LeadId], [l].[ProcessedAt], [l].[Status]
      FROM [LeadFollowUpJobs] AS [l]
      WHERE [l].[Status] = N'Pending' AND [l].[DueAt] <= @__utcNow_0
      ORDER BY [l].[DueAt]
info: Microsoft.EntityFrameworkCore.Database.Command[20101]
      Executed DbCommand (2ms) [Parameters=[@__p_1='?' (DbType = Int32), @__utcNow_0='?' (DbType = DateTime2)], CommandType='Text', CommandTimeout='30']
      SELECT TOP(@__p_1) [l].[Id], [l].[AttemptCount], [l].[CreatedAt], [l].[DueAt], [l].[FollowUpType], [l].[LeadId], [l].[ProcessedAt], [l].[Status]
      FROM [LeadFollowUpJobs] AS [l]
      WHERE [l].[Status] = N'Pending' AND [l].[DueAt] <= @__utcNow_0
      ORDER BY [l].[DueAt]
info: Microsoft.EntityFrameworkCore.Database.Command[20101]
      Executed DbCommand (2ms) [Parameters=[@__p_1='?' (DbType = Int32), @__utcNow_0='?' (DbType = DateTime2)], CommandType='Text', CommandTimeout='30']
      SELECT TOP(@__p_1) [l].[Id], [l].[AttemptCount], [l].[CreatedAt], [l].[DueAt], [l].[FollowUpType], [l].[LeadId], [l].[ProcessedAt], [l].[Status]
      FROM [LeadFollowUpJobs] AS [l]
      WHERE [l].[Status] = N'Pending' AND [l].[DueAt] <= @__utcNow_0
      ORDER BY [l].[DueAt]
info: Microsoft.EntityFrameworkCore.Database.Command[20101]
      Executed DbCommand (11ms) [Parameters=[@__p_1='?' (DbType = Int32), @__utcNow_0='?' (DbType = DateTime2)], CommandType='Text', CommandTimeout='30']
      SELECT TOP(@__p_1) [l].[Id], [l].[AttemptCount], [l].[CreatedAt], [l].[DueAt], [l].[FollowUpType], [l].[LeadId], [l].[ProcessedAt], [l].[Status]
      FROM [LeadFollowUpJobs] AS [l]
      WHERE [l].[Status] = N'Pending' AND [l].[DueAt] <= @__utcNow_0
      ORDER BY [l].[DueAt]
info: Microsoft.EntityFrameworkCore.Database.Command[20101]
      Executed DbCommand (2ms) [Parameters=[@__p_1='?' (DbType = Int32), @__utcNow_0='?' (DbType = DateTime2)], CommandType='Text', CommandTimeout='30']
      SELECT TOP(@__p_1) [l].[Id], [l].[AttemptCount], [l].[CreatedAt], [l].[DueAt], [l].[FollowUpType], [l].[LeadId], [l].[ProcessedAt], [l].[Status]
      FROM [LeadFollowUpJobs] AS [l]
      WHERE [l].[Status] = N'Pending' AND [l].[DueAt] <= @__utcNow_0
      ORDER BY [l].[DueAt]
info: Microsoft.EntityFrameworkCore.Database.Command[20101]
      Executed DbCommand (2ms) [Parameters=[@__p_1='?' (DbType = Int32), @__utcNow_0='?' (DbType = DateTime2)], CommandType='Text', CommandTimeout='30']
      SELECT TOP(@__p_1) [l].[Id], [l].[AttemptCount], [l].[CreatedAt], [l].[DueAt], [l].[FollowUpType], [l].[LeadId], [l].[ProcessedAt], [l].[Status]
      FROM [LeadFollowUpJobs] AS [l]
      WHERE [l].[Status] = N'Pending' AND [l].[DueAt] <= @__utcNow_0
      ORDER BY [l].[DueAt]
info: Microsoft.EntityFrameworkCore.Database.Command[20101]
      Executed DbCommand (2ms) [Parameters=[@__p_1='?' (DbType = Int32), @__utcNow_0='?' (DbType = DateTime2)], CommandType='Text', CommandTimeout='30']
      SELECT TOP(@__p_1) [l].[Id], [l].[AttemptCount], [l].[CreatedAt], [l].[DueAt], [l].[FollowUpType], [l].[LeadId], [l].[ProcessedAt], [l].[Status]
      FROM [LeadFollowUpJobs] AS [l]
      WHERE [l].[Status] = N'Pending' AND [l].[DueAt] <= @__utcNow_0
      ORDER BY [l].[DueAt]
info: Microsoft.EntityFrameworkCore.Database.Command[20101]
      Executed DbCommand (2ms) [Parameters=[@__p_1='?' (DbType = Int32), @__utcNow_0='?' (DbType = DateTime2)], CommandType='Text', CommandTimeout='30']
      SELECT TOP(@__p_1) [l].[Id], [l].[AttemptCount], [l].[CreatedAt], [l].[DueAt], [l].[FollowUpType], [l].[LeadId], [l].[ProcessedAt], [l].[Status]
      FROM [LeadFollowUpJobs] AS [l]
      WHERE [l].[Status] = N'Pending' AND [l].[DueAt] <= @__utcNow_0
      ORDER BY [l].[DueAt]
info: Microsoft.EntityFrameworkCore.Database.Command[20101]
      Executed DbCommand (3ms) [Parameters=[@__p_1='?' (DbType = Int32), @__utcNow_0='?' (DbType = DateTime2)], CommandType='Text', CommandTimeout='30']
      SELECT TOP(@__p_1) [l].[Id], [l].[AttemptCount], [l].[CreatedAt], [l].[DueAt], [l].[FollowUpType], [l].[LeadId], [l].[ProcessedAt], [l].[Status]
      FROM [LeadFollowUpJobs] AS [l]
      WHERE [l].[Status] = N'Pending' AND [l].[DueAt] <= @__utcNow_0
      ORDER BY [l].[DueAt]
info: Microsoft.EntityFrameworkCore.Database.Command[20101]
      Executed DbCommand (2ms) [Parameters=[@__p_1='?' (DbType = Int32), @__utcNow_0='?' (DbType = DateTime2)], CommandType='Text', CommandTimeout='30']
      SELECT TOP(@__p_1) [l].[Id], [l].[AttemptCount], [l].[CreatedAt], [l].[DueAt], [l].[FollowUpType], [l].[LeadId], [l].[ProcessedAt], [l].[Status]
      FROM [LeadFollowUpJobs] AS [l]
      WHERE [l].[Status] = N'Pending' AND [l].[DueAt] <= @__utcNow_0
      ORDER BY [l].[DueAt]
info: Microsoft.EntityFrameworkCore.Database.Command[20101]
      Executed DbCommand (2ms) [Parameters=[@__p_1='?' (DbType = Int32), @__utcNow_0='?' (DbType = DateTime2)], CommandType='Text', CommandTimeout='30']
      SELECT TOP(@__p_1) [l].[Id], [l].[AttemptCount], [l].[CreatedAt], [l].[DueAt], [l].[FollowUpType], [l].[LeadId], [l].[ProcessedAt], [l].[Status]
      FROM [LeadFollowUpJobs] AS [l]
      WHERE [l].[Status] = N'Pending' AND [l].[DueAt] <= @__utcNow_0
      ORDER BY [l].[DueAt]
info: Microsoft.EntityFrameworkCore.Database.Command[20101]
      Executed DbCommand (2ms) [Parameters=[@__p_1='?' (DbType = Int32), @__utcNow_0='?' (DbType = DateTime2)], CommandType='Text', CommandTimeout='30']
      SELECT TOP(@__p_1) [l].[Id], [l].[AttemptCount], [l].[CreatedAt], [l].[DueAt], [l].[FollowUpType], [l].[LeadId], [l].[ProcessedAt], [l].[Status]
      FROM [LeadFollowUpJobs] AS [l]
      WHERE [l].[Status] = N'Pending' AND [l].[DueAt] <= @__utcNow_0
      ORDER BY [l].[DueAt]
info: Microsoft.EntityFrameworkCore.Database.Command[20101]
      Executed DbCommand (2ms) [Parameters=[@__p_1='?' (DbType = Int32), @__utcNow_0='?' (DbType = DateTime2)], CommandType='Text', CommandTimeout='30']
      SELECT TOP(@__p_1) [l].[Id], [l].[AttemptCount], [l].[CreatedAt], [l].[DueAt], [l].[FollowUpType], [l].[LeadId], [l].[ProcessedAt], [l].[Status]
      FROM [LeadFollowUpJobs] AS [l]
      WHERE [l].[Status] = N'Pending' AND [l].[DueAt] <= @__utcNow_0
      ORDER BY [l].[DueAt]
info: Microsoft.EntityFrameworkCore.Database.Command[20101]
      Executed DbCommand (3ms) [Parameters=[@__p_1='?' (DbType = Int32), @__utcNow_0='?' (DbType = DateTime2)], CommandType='Text', CommandTimeout='30']
      SELECT TOP(@__p_1) [l].[Id], [l].[AttemptCount], [l].[CreatedAt], [l].[DueAt], [l].[FollowUpType], [l].[LeadId], [l].[ProcessedAt], [l].[Status]
      FROM [LeadFollowUpJobs] AS [l]
      WHERE [l].[Status] = N'Pending' AND [l].[DueAt] <= @__utcNow_0
      ORDER BY [l].[DueAt]
info: Microsoft.EntityFrameworkCore.Database.Command[20101]
      Executed DbCommand (1ms) [Parameters=[@__p_1='?' (DbType = Int32), @__utcNow_0='?' (DbType = DateTime2)], CommandType='Text', CommandTimeout='30']
      SELECT TOP(@__p_1) [l].[Id], [l].[AttemptCount], [l].[CreatedAt], [l].[DueAt], [l].[FollowUpType], [l].[LeadId], [l].[ProcessedAt], [l].[Status]
      FROM [LeadFollowUpJobs] AS [l]
      WHERE [l].[Status] = N'Pending' AND [l].[DueAt] <= @__utcNow_0
      ORDER BY [l].[DueAt]
info: Microsoft.EntityFrameworkCore.Database.Command[20101]
      Executed DbCommand (2ms) [Parameters=[@__p_1='?' (DbType = Int32), @__utcNow_0='?' (DbType = DateTime2)], CommandType='Text', CommandTimeout='30']
      SELECT TOP(@__p_1) [l].[Id], [l].[AttemptCount], [l].[CreatedAt], [l].[DueAt], [l].[FollowUpType], [l].[LeadId], [l].[ProcessedAt], [l].[Status]
      FROM [LeadFollowUpJobs] AS [l]
      WHERE [l].[Status] = N'Pending' AND [l].[DueAt] <= @__utcNow_0
      ORDER BY [l].[DueAt]
info: Microsoft.EntityFrameworkCore.Database.Command[20101]
      Executed DbCommand (2ms) [Parameters=[@__p_1='?' (DbType = Int32), @__utcNow_0='?' (DbType = DateTime2)], CommandType='Text', CommandTimeout='30']
      SELECT TOP(@__p_1) [l].[Id], [l].[AttemptCount], [l].[CreatedAt], [l].[DueAt], [l].[FollowUpType], [l].[LeadId], [l].[ProcessedAt], [l].[Status]
      FROM [LeadFollowUpJobs] AS [l]
      WHERE [l].[Status] = N'Pending' AND [l].[DueAt] <= @__utcNow_0
      ORDER BY [l].[DueAt]
info: Microsoft.EntityFrameworkCore.Database.Command[20101]
      Executed DbCommand (1ms) [Parameters=[@__p_1='?' (DbType = Int32), @__utcNow_0='?' (DbType = DateTime2)], CommandType='Text', CommandTimeout='30']
      SELECT TOP(@__p_1) [l].[Id], [l].[AttemptCount], [l].[CreatedAt], [l].[DueAt], [l].[FollowUpType], [l].[LeadId], [l].[ProcessedAt], [l].[Status]
      FROM [LeadFollowUpJobs] AS [l]
      WHERE [l].[Status] = N'Pending' AND [l].[DueAt] <= @__utcNow_0
      ORDER BY [l].[DueAt]
info: Microsoft.EntityFrameworkCore.Database.Command[20101]
      Executed DbCommand (34ms) [Parameters=[@__p_1='?' (DbType = Int32), @__utcNow_0='?' (DbType = DateTime2)], CommandType='Text', CommandTimeout='30']
      SELECT TOP(@__p_1) [l].[Id], [l].[AttemptCount], [l].[CreatedAt], [l].[DueAt], [l].[FollowUpType], [l].[LeadId], [l].[ProcessedAt], [l].[Status]
      FROM [LeadFollowUpJobs] AS [l]
      WHERE [l].[Status] = N'Pending' AND [l].[DueAt] <= @__utcNow_0
      ORDER BY [l].[DueAt]
info: Microsoft.EntityFrameworkCore.Database.Command[20101]
      Executed DbCommand (1ms) [Parameters=[@__p_1='?' (DbType = Int32), @__utcNow_0='?' (DbType = DateTime2)], CommandType='Text', CommandTimeout='30']
      SELECT TOP(@__p_1) [l].[Id], [l].[AttemptCount], [l].[CreatedAt], [l].[DueAt], [l].[FollowUpType], [l].[LeadId], [l].[ProcessedAt], [l].[Status]
      FROM [LeadFollowUpJobs] AS [l]
      WHERE [l].[Status] = N'Pending' AND [l].[DueAt] <= @__utcNow_0
      ORDER BY [l].[DueAt]
info: Microsoft.EntityFrameworkCore.Database.Command[20101]
      Executed DbCommand (3ms) [Parameters=[@__p_1='?' (DbType = Int32), @__utcNow_0='?' (DbType = DateTime2)], CommandType='Text', CommandTimeout='30']
      SELECT TOP(@__p_1) [l].[Id], [l].[AttemptCount], [l].[CreatedAt], [l].[DueAt], [l].[FollowUpType], [l].[LeadId], [l].[ProcessedAt], [l].[Status]
      FROM [LeadFollowUpJobs] AS [l]
      WHERE [l].[Status] = N'Pending' AND [l].[DueAt] <= @__utcNow_0
      ORDER BY [l].[DueAt]
info: Microsoft.EntityFrameworkCore.Database.Command[20101]
      Executed DbCommand (2ms) [Parameters=[@__p_1='?' (DbType = Int32), @__utcNow_0='?' (DbType = DateTime2)], CommandType='Text', CommandTimeout='30']
      SELECT TOP(@__p_1) [l].[Id], [l].[AttemptCount], [l].[CreatedAt], [l].[DueAt], [l].[FollowUpType], [l].[LeadId], [l].[ProcessedAt], [l].[Status]
      FROM [LeadFollowUpJobs] AS [l]
      WHERE [l].[Status] = N'Pending' AND [l].[DueAt] <= @__utcNow_0
      ORDER BY [l].[DueAt]
info: Microsoft.EntityFrameworkCore.Database.Command[20101]
      Executed DbCommand (2ms) [Parameters=[@__p_1='?' (DbType = Int32), @__utcNow_0='?' (DbType = DateTime2)], CommandType='Text', CommandTimeout='30']
      SELECT TOP(@__p_1) [l].[Id], [l].[AttemptCount], [l].[CreatedAt], [l].[DueAt], [l].[FollowUpType], [l].[LeadId], [l].[ProcessedAt], [l].[Status]
      FROM [LeadFollowUpJobs] AS [l]
      WHERE [l].[Status] = N'Pending' AND [l].[DueAt] <= @__utcNow_0
      ORDER BY [l].[DueAt]
info: Microsoft.EntityFrameworkCore.Database.Command[20101]
      Executed DbCommand (1ms) [Parameters=[@__p_1='?' (DbType = Int32), @__utcNow_0='?' (DbType = DateTime2)], CommandType='Text', CommandTimeout='30']
      SELECT TOP(@__p_1) [l].[Id], [l].[AttemptCount], [l].[CreatedAt], [l].[DueAt], [l].[FollowUpType], [l].[LeadId], [l].[ProcessedAt], [l].[Status]
      FROM [LeadFollowUpJobs] AS [l]
      WHERE [l].[Status] = N'Pending' AND [l].[DueAt] <= @__utcNow_0
      ORDER BY [l].[DueAt]
info: Microsoft.EntityFrameworkCore.Database.Command[20101]
      Executed DbCommand (3ms) [Parameters=[@__p_1='?' (DbType = Int32), @__utcNow_0='?' (DbType = DateTime2)], CommandType='Text', CommandTimeout='30']
      SELECT TOP(@__p_1) [l].[Id], [l].[AttemptCount], [l].[CreatedAt], [l].[DueAt], [l].[FollowUpType], [l].[LeadId], [l].[ProcessedAt], [l].[Status]
      FROM [LeadFollowUpJobs] AS [l]
      WHERE [l].[Status] = N'Pending' AND [l].[DueAt] <= @__utcNow_0
      ORDER BY [l].[DueAt]
info: Microsoft.EntityFrameworkCore.Database.Command[20101]
      Executed DbCommand (0ms) [Parameters=[@__p_1='?' (DbType = Int32), @__utcNow_0='?' (DbType = DateTime2)], CommandType='Text', CommandTimeout='30']
      SELECT TOP(@__p_1) [l].[Id], [l].[AttemptCount], [l].[CreatedAt], [l].[DueAt], [l].[FollowUpType], [l].[LeadId], [l].[ProcessedAt], [l].[Status]
      FROM [LeadFollowUpJobs] AS [l]
      WHERE [l].[Status] = N'Pending' AND [l].[DueAt] <= @__utcNow_0
      ORDER BY [l].[DueAt]
info: Microsoft.EntityFrameworkCore.Database.Command[20101]
      Executed DbCommand (1ms) [Parameters=[@__p_1='?' (DbType = Int32), @__utcNow_0='?' (DbType = DateTime2)], CommandType='Text', CommandTimeout='30']
      SELECT TOP(@__p_1) [l].[Id], [l].[AttemptCount], [l].[CreatedAt], [l].[DueAt], [l].[FollowUpType], [l].[LeadId], [l].[ProcessedAt], [l].[Status]
      FROM [LeadFollowUpJobs] AS [l]
      WHERE [l].[Status] = N'Pending' AND [l].[DueAt] <= @__utcNow_0
      ORDER BY [l].[DueAt]
info: Microsoft.EntityFrameworkCore.Database.Command[20101]
      Executed DbCommand (2ms) [Parameters=[@__p_1='?' (DbType = Int32), @__utcNow_0='?' (DbType = DateTime2)], CommandType='Text', CommandTimeout='30']
      SELECT TOP(@__p_1) [l].[Id], [l].[AttemptCount], [l].[CreatedAt], [l].[DueAt], [l].[FollowUpType], [l].[LeadId], [l].[ProcessedAt], [l].[Status]
      FROM [LeadFollowUpJobs] AS [l]
      WHERE [l].[Status] = N'Pending' AND [l].[DueAt] <= @__utcNow_0
      ORDER BY [l].[DueAt]
info: Microsoft.EntityFrameworkCore.Database.Command[20101]
      Executed DbCommand (1ms) [Parameters=[@__p_1='?' (DbType = Int32), @__utcNow_0='?' (DbType = DateTime2)], CommandType='Text', CommandTimeout='30']
      SELECT TOP(@__p_1) [l].[Id], [l].[AttemptCount], [l].[CreatedAt], [l].[DueAt], [l].[FollowUpType], [l].[LeadId], [l].[ProcessedAt], [l].[Status]
      FROM [LeadFollowUpJobs] AS [l]
      WHERE [l].[Status] = N'Pending' AND [l].[DueAt] <= @__utcNow_0
      ORDER BY [l].[DueAt]
info: Microsoft.EntityFrameworkCore.Database.Command[20101]
      Executed DbCommand (2ms) [Parameters=[@__p_1='?' (DbType = Int32), @__utcNow_0='?' (DbType = DateTime2)], CommandType='Text', CommandTimeout='30']
      SELECT TOP(@__p_1) [l].[Id], [l].[AttemptCount], [l].[CreatedAt], [l].[DueAt], [l].[FollowUpType], [l].[LeadId], [l].[ProcessedAt], [l].[Status]
      FROM [LeadFollowUpJobs] AS [l]
      WHERE [l].[Status] = N'Pending' AND [l].[DueAt] <= @__utcNow_0
      ORDER BY [l].[DueAt]
info: Microsoft.EntityFrameworkCore.Database.Command[20101]
      Executed DbCommand (1ms) [Parameters=[@__p_1='?' (DbType = Int32), @__utcNow_0='?' (DbType = DateTime2)], CommandType='Text', CommandTimeout='30']
      SELECT TOP(@__p_1) [l].[Id], [l].[AttemptCount], [l].[CreatedAt], [l].[DueAt], [l].[FollowUpType], [l].[LeadId], [l].[ProcessedAt], [l].[Status]
      FROM [LeadFollowUpJobs] AS [l]
      WHERE [l].[Status] = N'Pending' AND [l].[DueAt] <= @__utcNow_0
      ORDER BY [l].[DueAt]
info: Microsoft.EntityFrameworkCore.Database.Command[20101]
      Executed DbCommand (2ms) [Parameters=[@__p_1='?' (DbType = Int32), @__utcNow_0='?' (DbType = DateTime2)], CommandType='Text', CommandTimeout='30']
      SELECT TOP(@__p_1) [l].[Id], [l].[AttemptCount], [l].[CreatedAt], [l].[DueAt], [l].[FollowUpType], [l].[LeadId], [l].[ProcessedAt], [l].[Status]
      FROM [LeadFollowUpJobs] AS [l]
      WHERE [l].[Status] = N'Pending' AND [l].[DueAt] <= @__utcNow_0
      ORDER BY [l].[DueAt]
info: Microsoft.EntityFrameworkCore.Database.Command[20101]
      Executed DbCommand (1ms) [Parameters=[@__p_1='?' (DbType = Int32), @__utcNow_0='?' (DbType = DateTime2)], CommandType='Text', CommandTimeout='30']
      SELECT TOP(@__p_1) [l].[Id], [l].[AttemptCount], [l].[CreatedAt], [l].[DueAt], [l].[FollowUpType], [l].[LeadId], [l].[ProcessedAt], [l].[Status]
      FROM [LeadFollowUpJobs] AS [l]
      WHERE [l].[Status] = N'Pending' AND [l].[DueAt] <= @__utcNow_0
      ORDER BY [l].[DueAt]
info: Microsoft.EntityFrameworkCore.Database.Command[20101]
      Executed DbCommand (2ms) [Parameters=[@__p_1='?' (DbType = Int32), @__utcNow_0='?' (DbType = DateTime2)], CommandType='Text', CommandTimeout='30']
      SELECT TOP(@__p_1) [l].[Id], [l].[AttemptCount], [l].[CreatedAt], [l].[DueAt], [l].[FollowUpType], [l].[LeadId], [l].[ProcessedAt], [l].[Status]
      FROM [LeadFollowUpJobs] AS [l]
      WHERE [l].[Status] = N'Pending' AND [l].[DueAt] <= @__utcNow_0
      ORDER BY [l].[DueAt]
info: Microsoft.EntityFrameworkCore.Database.Command[20101]
      Executed DbCommand (8ms) [Parameters=[@__p_1='?' (DbType = Int32), @__utcNow_0='?' (DbType = DateTime2)], CommandType='Text', CommandTimeout='30']
      SELECT TOP(@__p_1) [l].[Id], [l].[AttemptCount], [l].[CreatedAt], [l].[DueAt], [l].[FollowUpType], [l].[LeadId], [l].[ProcessedAt], [l].[Status]
      FROM [LeadFollowUpJobs] AS [l]
      WHERE [l].[Status] = N'Pending' AND [l].[DueAt] <= @__utcNow_0
      ORDER BY [l].[DueAt]
info: Microsoft.EntityFrameworkCore.Database.Command[20101]
      Executed DbCommand (3ms) [Parameters=[@__p_1='?' (DbType = Int32), @__utcNow_0='?' (DbType = DateTime2)], CommandType='Text', CommandTimeout='30']
      SELECT TOP(@__p_1) [l].[Id], [l].[AttemptCount], [l].[CreatedAt], [l].[DueAt], [l].[FollowUpType], [l].[LeadId], [l].[ProcessedAt], [l].[Status]
      FROM [LeadFollowUpJobs] AS [l]
      WHERE [l].[Status] = N'Pending' AND [l].[DueAt] <= @__utcNow_0
      ORDER BY [l].[DueAt]
info: Microsoft.EntityFrameworkCore.Database.Command[20101]
      Executed DbCommand (2ms) [Parameters=[@__p_1='?' (DbType = Int32), @__utcNow_0='?' (DbType = DateTime2)], CommandType='Text', CommandTimeout='30']
      SELECT TOP(@__p_1) [l].[Id], [l].[AttemptCount], [l].[CreatedAt], [l].[DueAt], [l].[FollowUpType], [l].[LeadId], [l].[ProcessedAt], [l].[Status]
      FROM [LeadFollowUpJobs] AS [l]
      WHERE [l].[Status] = N'Pending' AND [l].[DueAt] <= @__utcNow_0
      ORDER BY [l].[DueAt]
info: Microsoft.EntityFrameworkCore.Database.Command[20101]
      Executed DbCommand (1ms) [Parameters=[@__p_1='?' (DbType = Int32), @__utcNow_0='?' (DbType = DateTime2)], CommandType='Text', CommandTimeout='30']
      SELECT TOP(@__p_1) [l].[Id], [l].[AttemptCount], [l].[CreatedAt], [l].[DueAt], [l].[FollowUpType], [l].[LeadId], [l].[ProcessedAt], [l].[Status]
      FROM [LeadFollowUpJobs] AS [l]
      WHERE [l].[Status] = N'Pending' AND [l].[DueAt] <= @__utcNow_0
      ORDER BY [l].[DueAt]
info: Microsoft.EntityFrameworkCore.Database.Command[20101]
      Executed DbCommand (2ms) [Parameters=[@__p_1='?' (DbType = Int32), @__utcNow_0='?' (DbType = DateTime2)], CommandType='Text', CommandTimeout='30']
      SELECT TOP(@__p_1) [l].[Id], [l].[AttemptCount], [l].[CreatedAt], [l].[DueAt], [l].[FollowUpType], [l].[LeadId], [l].[ProcessedAt], [l].[Status]
      FROM [LeadFollowUpJobs] AS [l]
      WHERE [l].[Status] = N'Pending' AND [l].[DueAt] <= @__utcNow_0
      ORDER BY [l].[DueAt]
info: Microsoft.EntityFrameworkCore.Database.Command[20101]
      Executed DbCommand (1ms) [Parameters=[@__p_1='?' (DbType = Int32), @__utcNow_0='?' (DbType = DateTime2)], CommandType='Text', CommandTimeout='30']
      SELECT TOP(@__p_1) [l].[Id], [l].[AttemptCount], [l].[CreatedAt], [l].[DueAt], [l].[FollowUpType], [l].[LeadId], [l].[ProcessedAt], [l].[Status]
      FROM [LeadFollowUpJobs] AS [l]
      WHERE [l].[Status] = N'Pending' AND [l].[DueAt] <= @__utcNow_0
      ORDER BY [l].[DueAt]
info: Microsoft.EntityFrameworkCore.Database.Command[20101]
      Executed DbCommand (2ms) [Parameters=[@__p_1='?' (DbType = Int32), @__utcNow_0='?' (DbType = DateTime2)], CommandType='Text', CommandTimeout='30']
      SELECT TOP(@__p_1) [l].[Id], [l].[AttemptCount], [l].[CreatedAt], [l].[DueAt], [l].[FollowUpType], [l].[LeadId], [l].[ProcessedAt], [l].[Status]
      FROM [LeadFollowUpJobs] AS [l]
      WHERE [l].[Status] = N'Pending' AND [l].[DueAt] <= @__utcNow_0
      ORDER BY [l].[DueAt]
info: Microsoft.EntityFrameworkCore.Database.Command[20101]
      Executed DbCommand (1ms) [Parameters=[@__p_1='?' (DbType = Int32), @__utcNow_0='?' (DbType = DateTime2)], CommandType='Text', CommandTimeout='30']
      SELECT TOP(@__p_1) [l].[Id], [l].[AttemptCount], [l].[CreatedAt], [l].[DueAt], [l].[FollowUpType], [l].[LeadId], [l].[ProcessedAt], [l].[Status]
      FROM [LeadFollowUpJobs] AS [l]
      WHERE [l].[Status] = N'Pending' AND [l].[DueAt] <= @__utcNow_0
      ORDER BY [l].[DueAt]
info: Microsoft.EntityFrameworkCore.Database.Command[20101]
      Executed DbCommand (2ms) [Parameters=[@__p_1='?' (DbType = Int32), @__utcNow_0='?' (DbType = DateTime2)], CommandType='Text', CommandTimeout='30']
      SELECT TOP(@__p_1) [l].[Id], [l].[AttemptCount], [l].[CreatedAt], [l].[DueAt], [l].[FollowUpType], [l].[LeadId], [l].[ProcessedAt], [l].[Status]
      FROM [LeadFollowUpJobs] AS [l]
      WHERE [l].[Status] = N'Pending' AND [l].[DueAt] <= @__utcNow_0
      ORDER BY [l].[DueAt]
info: Microsoft.EntityFrameworkCore.Database.Command[20101]
      Executed DbCommand (3ms) [Parameters=[@__p_1='?' (DbType = Int32), @__utcNow_0='?' (DbType = DateTime2)], CommandType='Text', CommandTimeout='30']
      SELECT TOP(@__p_1) [l].[Id], [l].[AttemptCount], [l].[CreatedAt], [l].[DueAt], [l].[FollowUpType], [l].[LeadId], [l].[ProcessedAt], [l].[Status]
      FROM [LeadFollowUpJobs] AS [l]
      WHERE [l].[Status] = N'Pending' AND [l].[DueAt] <= @__utcNow_0
      ORDER BY [l].[DueAt]
info: Microsoft.EntityFrameworkCore.Database.Command[20101]
      Executed DbCommand (3ms) [Parameters=[@__p_1='?' (DbType = Int32), @__utcNow_0='?' (DbType = DateTime2)], CommandType='Text', CommandTimeout='30']
      SELECT TOP(@__p_1) [l].[Id], [l].[AttemptCount], [l].[CreatedAt], [l].[DueAt], [l].[FollowUpType], [l].[LeadId], [l].[ProcessedAt], [l].[Status]
      FROM [LeadFollowUpJobs] AS [l]
      WHERE [l].[Status] = N'Pending' AND [l].[DueAt] <= @__utcNow_0
      ORDER BY [l].[DueAt]
info: Microsoft.EntityFrameworkCore.Database.Command[20101]
      Executed DbCommand (1ms) [Parameters=[@__p_1='?' (DbType = Int32), @__utcNow_0='?' (DbType = DateTime2)], CommandType='Text', CommandTimeout='30']
      SELECT TOP(@__p_1) [l].[Id], [l].[AttemptCount], [l].[CreatedAt], [l].[DueAt], [l].[FollowUpType], [l].[LeadId], [l].[ProcessedAt], [l].[Status]
      FROM [LeadFollowUpJobs] AS [l]
      WHERE [l].[Status] = N'Pending' AND [l].[DueAt] <= @__utcNow_0
      ORDER BY [l].[DueAt]
info: Microsoft.EntityFrameworkCore.Database.Command[20101]
      Executed DbCommand (1ms) [Parameters=[@__p_1='?' (DbType = Int32), @__utcNow_0='?' (DbType = DateTime2)], CommandType='Text', CommandTimeout='30']
      SELECT TOP(@__p_1) [l].[Id], [l].[AttemptCount], [l].[CreatedAt], [l].[DueAt], [l].[FollowUpType], [l].[LeadId], [l].[ProcessedAt], [l].[Status]
      FROM [LeadFollowUpJobs] AS [l]
      WHERE [l].[Status] = N'Pending' AND [l].[DueAt] <= @__utcNow_0
      ORDER BY [l].[DueAt]
info: Microsoft.EntityFrameworkCore.Database.Command[20101]
      Executed DbCommand (2ms) [Parameters=[@__p_1='?' (DbType = Int32), @__utcNow_0='?' (DbType = DateTime2)], CommandType='Text', CommandTimeout='30']
      SELECT TOP(@__p_1) [l].[Id], [l].[AttemptCount], [l].[CreatedAt], [l].[DueAt], [l].[FollowUpType], [l].[LeadId], [l].[ProcessedAt], [l].[Status]
      FROM [LeadFollowUpJobs] AS [l]
      WHERE [l].[Status] = N'Pending' AND [l].[DueAt] <= @__utcNow_0
      ORDER BY [l].[DueAt]
info: Microsoft.EntityFrameworkCore.Database.Command[20101]
      Executed DbCommand (1ms) [Parameters=[@__p_1='?' (DbType = Int32), @__utcNow_0='?' (DbType = DateTime2)], CommandType='Text', CommandTimeout='30']
      SELECT TOP(@__p_1) [l].[Id], [l].[AttemptCount], [l].[CreatedAt], [l].[DueAt], [l].[FollowUpType], [l].[LeadId], [l].[ProcessedAt], [l].[Status]
      FROM [LeadFollowUpJobs] AS [l]
      WHERE [l].[Status] = N'Pending' AND [l].[DueAt] <= @__utcNow_0
      ORDER BY [l].[DueAt]
info: Microsoft.EntityFrameworkCore.Database.Command[20101]
      Executed DbCommand (3ms) [Parameters=[@__p_1='?' (DbType = Int32), @__utcNow_0='?' (DbType = DateTime2)], CommandType='Text', CommandTimeout='30']
      SELECT TOP(@__p_1) [l].[Id], [l].[AttemptCount], [l].[CreatedAt], [l].[DueAt], [l].[FollowUpType], [l].[LeadId], [l].[ProcessedAt], [l].[Status]
      FROM [LeadFollowUpJobs] AS [l]
      WHERE [l].[Status] = N'Pending' AND [l].[DueAt] <= @__utcNow_0
      ORDER BY [l].[DueAt]
info: Microsoft.EntityFrameworkCore.Database.Command[20101]
      Executed DbCommand (2ms) [Parameters=[@__p_1='?' (DbType = Int32), @__utcNow_0='?' (DbType = DateTime2)], CommandType='Text', CommandTimeout='30']
      SELECT TOP(@__p_1) [l].[Id], [l].[AttemptCount], [l].[CreatedAt], [l].[DueAt], [l].[FollowUpType], [l].[LeadId], [l].[ProcessedAt], [l].[Status]
      FROM [LeadFollowUpJobs] AS [l]
      WHERE [l].[Status] = N'Pending' AND [l].[DueAt] <= @__utcNow_0
      ORDER BY [l].[DueAt]
info: Microsoft.EntityFrameworkCore.Database.Command[20101]
      Executed DbCommand (3ms) [Parameters=[@__p_1='?' (DbType = Int32), @__utcNow_0='?' (DbType = DateTime2)], CommandType='Text', CommandTimeout='30']
      SELECT TOP(@__p_1) [l].[Id], [l].[AttemptCount], [l].[CreatedAt], [l].[DueAt], [l].[FollowUpType], [l].[LeadId], [l].[ProcessedAt], [l].[Status]
      FROM [LeadFollowUpJobs] AS [l]
      WHERE [l].[Status] = N'Pending' AND [l].[DueAt] <= @__utcNow_0
      ORDER BY [l].[DueAt]
info: Microsoft.EntityFrameworkCore.Database.Command[20101]
      Executed DbCommand (2ms) [Parameters=[@__p_1='?' (DbType = Int32), @__utcNow_0='?' (DbType = DateTime2)], CommandType='Text', CommandTimeout='30']
      SELECT TOP(@__p_1) [l].[Id], [l].[AttemptCount], [l].[CreatedAt], [l].[DueAt], [l].[FollowUpType], [l].[LeadId], [l].[ProcessedAt], [l].[Status]
      FROM [LeadFollowUpJobs] AS [l]
      WHERE [l].[Status] = N'Pending' AND [l].[DueAt] <= @__utcNow_0
      ORDER BY [l].[DueAt]
info: Microsoft.EntityFrameworkCore.Database.Command[20101]
      Executed DbCommand (3ms) [Parameters=[@__p_1='?' (DbType = Int32), @__utcNow_0='?' (DbType = DateTime2)], CommandType='Text', CommandTimeout='30']
      SELECT TOP(@__p_1) [l].[Id], [l].[AttemptCount], [l].[CreatedAt], [l].[DueAt], [l].[FollowUpType], [l].[LeadId], [l].[ProcessedAt], [l].[Status]
      FROM [LeadFollowUpJobs] AS [l]
      WHERE [l].[Status] = N'Pending' AND [l].[DueAt] <= @__utcNow_0
      ORDER BY [l].[DueAt]
info: Microsoft.EntityFrameworkCore.Database.Command[20101]
      Executed DbCommand (15ms) [Parameters=[@__p_1='?' (DbType = Int32), @__utcNow_0='?' (DbType = DateTime2)], CommandType='Text', CommandTimeout='30']
      SELECT TOP(@__p_1) [l].[Id], [l].[AttemptCount], [l].[CreatedAt], [l].[DueAt], [l].[FollowUpType], [l].[LeadId], [l].[ProcessedAt], [l].[Status]
      FROM [LeadFollowUpJobs] AS [l]
      WHERE [l].[Status] = N'Pending' AND [l].[DueAt] <= @__utcNow_0
      ORDER BY [l].[DueAt]
info: Microsoft.EntityFrameworkCore.Database.Command[20101]
      Executed DbCommand (3ms) [Parameters=[@__p_1='?' (DbType = Int32), @__utcNow_0='?' (DbType = DateTime2)], CommandType='Text', CommandTimeout='30']
      SELECT TOP(@__p_1) [l].[Id], [l].[AttemptCount], [l].[CreatedAt], [l].[DueAt], [l].[FollowUpType], [l].[LeadId], [l].[ProcessedAt], [l].[Status]
      FROM [LeadFollowUpJobs] AS [l]
      WHERE [l].[Status] = N'Pending' AND [l].[DueAt] <= @__utcNow_0
      ORDER BY [l].[DueAt]
info: Microsoft.EntityFrameworkCore.Database.Command[20101]
      Executed DbCommand (1ms) [Parameters=[@__p_1='?' (DbType = Int32), @__utcNow_0='?' (DbType = DateTime2)], CommandType='Text', CommandTimeout='30']
      SELECT TOP(@__p_1) [l].[Id], [l].[AttemptCount], [l].[CreatedAt], [l].[DueAt], [l].[FollowUpType], [l].[LeadId], [l].[ProcessedAt], [l].[Status]
      FROM [LeadFollowUpJobs] AS [l]
      WHERE [l].[Status] = N'Pending' AND [l].[DueAt] <= @__utcNow_0
      ORDER BY [l].[DueAt]
info: Microsoft.EntityFrameworkCore.Database.Command[20101]
      Executed DbCommand (0ms) [Parameters=[@__p_1='?' (DbType = Int32), @__utcNow_0='?' (DbType = DateTime2)], CommandType='Text', CommandTimeout='30']
      SELECT TOP(@__p_1) [l].[Id], [l].[AttemptCount], [l].[CreatedAt], [l].[DueAt], [l].[FollowUpType], [l].[LeadId], [l].[ProcessedAt], [l].[Status]
      FROM [LeadFollowUpJobs] AS [l]
      WHERE [l].[Status] = N'Pending' AND [l].[DueAt] <= @__utcNow_0
      ORDER BY [l].[DueAt]
info: Microsoft.EntityFrameworkCore.Database.Command[20101]
      Executed DbCommand (3ms) [Parameters=[@__p_1='?' (DbType = Int32), @__utcNow_0='?' (DbType = DateTime2)], CommandType='Text', CommandTimeout='30']
      SELECT TOP(@__p_1) [l].[Id], [l].[AttemptCount], [l].[CreatedAt], [l].[DueAt], [l].[FollowUpType], [l].[LeadId], [l].[ProcessedAt], [l].[Status]
      FROM [LeadFollowUpJobs] AS [l]
      WHERE [l].[Status] = N'Pending' AND [l].[DueAt] <= @__utcNow_0
      ORDER BY [l].[DueAt]
info: Microsoft.EntityFrameworkCore.Database.Command[20101]
      Executed DbCommand (1ms) [Parameters=[@__p_1='?' (DbType = Int32), @__utcNow_0='?' (DbType = DateTime2)], CommandType='Text', CommandTimeout='30']
      SELECT TOP(@__p_1) [l].[Id], [l].[AttemptCount], [l].[CreatedAt], [l].[DueAt], [l].[FollowUpType], [l].[LeadId], [l].[ProcessedAt], [l].[Status]
      FROM [LeadFollowUpJobs] AS [l]
      WHERE [l].[Status] = N'Pending' AND [l].[DueAt] <= @__utcNow_0
      ORDER BY [l].[DueAt]
info: Microsoft.EntityFrameworkCore.Database.Command[20101]
      Executed DbCommand (3ms) [Parameters=[@__p_1='?' (DbType = Int32), @__utcNow_0='?' (DbType = DateTime2)], CommandType='Text', CommandTimeout='30']
      SELECT TOP(@__p_1) [l].[Id], [l].[AttemptCount], [l].[CreatedAt], [l].[DueAt], [l].[FollowUpType], [l].[LeadId], [l].[ProcessedAt], [l].[Status]
      FROM [LeadFollowUpJobs] AS [l]
      WHERE [l].[Status] = N'Pending' AND [l].[DueAt] <= @__utcNow_0
      ORDER BY [l].[DueAt]
info: Microsoft.EntityFrameworkCore.Database.Command[20101]
      Executed DbCommand (2ms) [Parameters=[@__p_1='?' (DbType = Int32), @__utcNow_0='?' (DbType = DateTime2)], CommandType='Text', CommandTimeout='30']
      SELECT TOP(@__p_1) [l].[Id], [l].[AttemptCount], [l].[CreatedAt], [l].[DueAt], [l].[FollowUpType], [l].[LeadId], [l].[ProcessedAt], [l].[Status]
      FROM [LeadFollowUpJobs] AS [l]
      WHERE [l].[Status] = N'Pending' AND [l].[DueAt] <= @__utcNow_0
      ORDER BY [l].[DueAt]
info: Microsoft.EntityFrameworkCore.Database.Command[20101]
      Executed DbCommand (3ms) [Parameters=[@__p_1='?' (DbType = Int32), @__utcNow_0='?' (DbType = DateTime2)], CommandType='Text', CommandTimeout='30']
      SELECT TOP(@__p_1) [l].[Id], [l].[AttemptCount], [l].[CreatedAt], [l].[DueAt], [l].[FollowUpType], [l].[LeadId], [l].[ProcessedAt], [l].[Status]
      FROM [LeadFollowUpJobs] AS [l]
      WHERE [l].[Status] = N'Pending' AND [l].[DueAt] <= @__utcNow_0
      ORDER BY [l].[DueAt]
info: Microsoft.EntityFrameworkCore.Database.Command[20101]
      Executed DbCommand (1ms) [Parameters=[@__p_1='?' (DbType = Int32), @__utcNow_0='?' (DbType = DateTime2)], CommandType='Text', CommandTimeout='30']
      SELECT TOP(@__p_1) [l].[Id], [l].[AttemptCount], [l].[CreatedAt], [l].[DueAt], [l].[FollowUpType], [l].[LeadId], [l].[ProcessedAt], [l].[Status]
      FROM [LeadFollowUpJobs] AS [l]
      WHERE [l].[Status] = N'Pending' AND [l].[DueAt] <= @__utcNow_0
      ORDER BY [l].[DueAt]
info: Microsoft.EntityFrameworkCore.Database.Command[20101]
      Executed DbCommand (14ms) [Parameters=[@__p_1='?' (DbType = Int32), @__utcNow_0='?' (DbType = DateTime2)], CommandType='Text', CommandTimeout='30']
      SELECT TOP(@__p_1) [l].[Id], [l].[AttemptCount], [l].[CreatedAt], [l].[DueAt], [l].[FollowUpType], [l].[LeadId], [l].[ProcessedAt], [l].[Status]
      FROM [LeadFollowUpJobs] AS [l]
      WHERE [l].[Status] = N'Pending' AND [l].[DueAt] <= @__utcNow_0
      ORDER BY [l].[DueAt]
info: Microsoft.EntityFrameworkCore.Database.Command[20101]
      Executed DbCommand (1ms) [Parameters=[@__p_1='?' (DbType = Int32), @__utcNow_0='?' (DbType = DateTime2)], CommandType='Text', CommandTimeout='30']
      SELECT TOP(@__p_1) [l].[Id], [l].[AttemptCount], [l].[CreatedAt], [l].[DueAt], [l].[FollowUpType], [l].[LeadId], [l].[ProcessedAt], [l].[Status]
      FROM [LeadFollowUpJobs] AS [l]
      WHERE [l].[Status] = N'Pending' AND [l].[DueAt] <= @__utcNow_0
      ORDER BY [l].[DueAt]
info: Microsoft.EntityFrameworkCore.Database.Command[20101]
      Executed DbCommand (3ms) [Parameters=[@__p_1='?' (DbType = Int32), @__utcNow_0='?' (DbType = DateTime2)], CommandType='Text', CommandTimeout='30']
      SELECT TOP(@__p_1) [l].[Id], [l].[AttemptCount], [l].[CreatedAt], [l].[DueAt], [l].[FollowUpType], [l].[LeadId], [l].[ProcessedAt], [l].[Status]
      FROM [LeadFollowUpJobs] AS [l]
      WHERE [l].[Status] = N'Pending' AND [l].[DueAt] <= @__utcNow_0
      ORDER BY [l].[DueAt]
info: Microsoft.EntityFrameworkCore.Database.Command[20101]
      Executed DbCommand (1ms) [Parameters=[@__p_1='?' (DbType = Int32), @__utcNow_0='?' (DbType = DateTime2)], CommandType='Text', CommandTimeout='30']
      SELECT TOP(@__p_1) [l].[Id], [l].[AttemptCount], [l].[CreatedAt], [l].[DueAt], [l].[FollowUpType], [l].[LeadId], [l].[ProcessedAt], [l].[Status]
      FROM [LeadFollowUpJobs] AS [l]
      WHERE [l].[Status] = N'Pending' AND [l].[DueAt] <= @__utcNow_0
      ORDER BY [l].[DueAt]
info: Microsoft.EntityFrameworkCore.Database.Command[20101]
      Executed DbCommand (3ms) [Parameters=[@__p_1='?' (DbType = Int32), @__utcNow_0='?' (DbType = DateTime2)], CommandType='Text', CommandTimeout='30']
      SELECT TOP(@__p_1) [l].[Id], [l].[AttemptCount], [l].[CreatedAt], [l].[DueAt], [l].[FollowUpType], [l].[LeadId], [l].[ProcessedAt], [l].[Status]
      FROM [LeadFollowUpJobs] AS [l]
      WHERE [l].[Status] = N'Pending' AND [l].[DueAt] <= @__utcNow_0
      ORDER BY [l].[DueAt]
info: Microsoft.EntityFrameworkCore.Database.Command[20101]
      Executed DbCommand (2ms) [Parameters=[@__p_1='?' (DbType = Int32), @__utcNow_0='?' (DbType = DateTime2)], CommandType='Text', CommandTimeout='30']
      SELECT TOP(@__p_1) [l].[Id], [l].[AttemptCount], [l].[CreatedAt], [l].[DueAt], [l].[FollowUpType], [l].[LeadId], [l].[ProcessedAt], [l].[Status]
      FROM [LeadFollowUpJobs] AS [l]
      WHERE [l].[Status] = N'Pending' AND [l].[DueAt] <= @__utcNow_0
      ORDER BY [l].[DueAt]
info: Microsoft.EntityFrameworkCore.Database.Command[20101]
      Executed DbCommand (2ms) [Parameters=[@__p_1='?' (DbType = Int32), @__utcNow_0='?' (DbType = DateTime2)], CommandType='Text', CommandTimeout='30']
      SELECT TOP(@__p_1) [l].[Id], [l].[AttemptCount], [l].[CreatedAt], [l].[DueAt], [l].[FollowUpType], [l].[LeadId], [l].[ProcessedAt], [l].[Status]
      FROM [LeadFollowUpJobs] AS [l]
      WHERE [l].[Status] = N'Pending' AND [l].[DueAt] <= @__utcNow_0
      ORDER BY [l].[DueAt]
info: Microsoft.EntityFrameworkCore.Database.Command[20101]
      Executed DbCommand (3ms) [Parameters=[@__p_1='?' (DbType = Int32), @__utcNow_0='?' (DbType = DateTime2)], CommandType='Text', CommandTimeout='30']
      SELECT TOP(@__p_1) [l].[Id], [l].[AttemptCount], [l].[CreatedAt], [l].[DueAt], [l].[FollowUpType], [l].[LeadId], [l].[ProcessedAt], [l].[Status]
      FROM [LeadFollowUpJobs] AS [l]
      WHERE [l].[Status] = N'Pending' AND [l].[DueAt] <= @__utcNow_0
      ORDER BY [l].[DueAt]
info: Microsoft.EntityFrameworkCore.Database.Command[20101]
      Executed DbCommand (2ms) [Parameters=[@__p_1='?' (DbType = Int32), @__utcNow_0='?' (DbType = DateTime2)], CommandType='Text', CommandTimeout='30']
      SELECT TOP(@__p_1) [l].[Id], [l].[AttemptCount], [l].[CreatedAt], [l].[DueAt], [l].[FollowUpType], [l].[LeadId], [l].[ProcessedAt], [l].[Status]
      FROM [LeadFollowUpJobs] AS [l]
      WHERE [l].[Status] = N'Pending' AND [l].[DueAt] <= @__utcNow_0
      ORDER BY [l].[DueAt]
info: Microsoft.EntityFrameworkCore.Database.Command[20101]
      Executed DbCommand (2ms) [Parameters=[@__p_1='?' (DbType = Int32), @__utcNow_0='?' (DbType = DateTime2)], CommandType='Text', CommandTimeout='30']
      SELECT TOP(@__p_1) [l].[Id], [l].[AttemptCount], [l].[CreatedAt], [l].[DueAt], [l].[FollowUpType], [l].[LeadId], [l].[ProcessedAt], [l].[Status]
      FROM [LeadFollowUpJobs] AS [l]
      WHERE [l].[Status] = N'Pending' AND [l].[DueAt] <= @__utcNow_0
      ORDER BY [l].[DueAt]
info: Microsoft.EntityFrameworkCore.Database.Command[20101]
      Executed DbCommand (1ms) [Parameters=[@__p_1='?' (DbType = Int32), @__utcNow_0='?' (DbType = DateTime2)], CommandType='Text', CommandTimeout='30']
      SELECT TOP(@__p_1) [l].[Id], [l].[AttemptCount], [l].[CreatedAt], [l].[DueAt], [l].[FollowUpType], [l].[LeadId], [l].[ProcessedAt], [l].[Status]
      FROM [LeadFollowUpJobs] AS [l]
      WHERE [l].[Status] = N'Pending' AND [l].[DueAt] <= @__utcNow_0
      ORDER BY [l].[DueAt]
info: Microsoft.EntityFrameworkCore.Database.Command[20101]
      Executed DbCommand (3ms) [Parameters=[@__p_1='?' (DbType = Int32), @__utcNow_0='?' (DbType = DateTime2)], CommandType='Text', CommandTimeout='30']
      SELECT TOP(@__p_1) [l].[Id], [l].[AttemptCount], [l].[CreatedAt], [l].[DueAt], [l].[FollowUpType], [l].[LeadId], [l].[ProcessedAt], [l].[Status]
      FROM [LeadFollowUpJobs] AS [l]
      WHERE [l].[Status] = N'Pending' AND [l].[DueAt] <= @__utcNow_0
      ORDER BY [l].[DueAt]
info: Microsoft.EntityFrameworkCore.Database.Command[20101]
      Executed DbCommand (1ms) [Parameters=[@__p_1='?' (DbType = Int32), @__utcNow_0='?' (DbType = DateTime2)], CommandType='Text', CommandTimeout='30']
      SELECT TOP(@__p_1) [l].[Id], [l].[AttemptCount], [l].[CreatedAt], [l].[DueAt], [l].[FollowUpType], [l].[LeadId], [l].[ProcessedAt], [l].[Status]
      FROM [LeadFollowUpJobs] AS [l]
      WHERE [l].[Status] = N'Pending' AND [l].[DueAt] <= @__utcNow_0
      ORDER BY [l].[DueAt]
info: Microsoft.EntityFrameworkCore.Database.Command[20101]
      Executed DbCommand (3ms) [Parameters=[@__p_1='?' (DbType = Int32), @__utcNow_0='?' (DbType = DateTime2)], CommandType='Text', CommandTimeout='30']
      SELECT TOP(@__p_1) [l].[Id], [l].[AttemptCount], [l].[CreatedAt], [l].[DueAt], [l].[FollowUpType], [l].[LeadId], [l].[ProcessedAt], [l].[Status]
      FROM [LeadFollowUpJobs] AS [l]
      WHERE [l].[Status] = N'Pending' AND [l].[DueAt] <= @__utcNow_0
      ORDER BY [l].[DueAt]
info: Microsoft.EntityFrameworkCore.Database.Command[20101]
      Executed DbCommand (1ms) [Parameters=[@__p_1='?' (DbType = Int32), @__utcNow_0='?' (DbType = DateTime2)], CommandType='Text', CommandTimeout='30']
      SELECT TOP(@__p_1) [l].[Id], [l].[AttemptCount], [l].[CreatedAt], [l].[DueAt], [l].[FollowUpType], [l].[LeadId], [l].[ProcessedAt], [l].[Status]
      FROM [LeadFollowUpJobs] AS [l]
      WHERE [l].[Status] = N'Pending' AND [l].[DueAt] <= @__utcNow_0
      ORDER BY [l].[DueAt]
info: Microsoft.EntityFrameworkCore.Database.Command[20101]
      Executed DbCommand (1ms) [Parameters=[@__p_1='?' (DbType = Int32), @__utcNow_0='?' (DbType = DateTime2)], CommandType='Text', CommandTimeout='30']
      SELECT TOP(@__p_1) [l].[Id], [l].[AttemptCount], [l].[CreatedAt], [l].[DueAt], [l].[FollowUpType], [l].[LeadId], [l].[ProcessedAt], [l].[Status]
      FROM [LeadFollowUpJobs] AS [l]
      WHERE [l].[Status] = N'Pending' AND [l].[DueAt] <= @__utcNow_0
      ORDER BY [l].[DueAt]
info: Microsoft.EntityFrameworkCore.Database.Command[20101]
      Executed DbCommand (3ms) [Parameters=[@__p_1='?' (DbType = Int32), @__utcNow_0='?' (DbType = DateTime2)], CommandType='Text', CommandTimeout='30']
      SELECT TOP(@__p_1) [l].[Id], [l].[AttemptCount], [l].[CreatedAt], [l].[DueAt], [l].[FollowUpType], [l].[LeadId], [l].[ProcessedAt], [l].[Status]
      FROM [LeadFollowUpJobs] AS [l]
      WHERE [l].[Status] = N'Pending' AND [l].[DueAt] <= @__utcNow_0
      ORDER BY [l].[DueAt]
info: Microsoft.EntityFrameworkCore.Database.Command[20101]
      Executed DbCommand (1ms) [Parameters=[@__p_1='?' (DbType = Int32), @__utcNow_0='?' (DbType = DateTime2)], CommandType='Text', CommandTimeout='30']
      SELECT TOP(@__p_1) [l].[Id], [l].[AttemptCount], [l].[CreatedAt], [l].[DueAt], [l].[FollowUpType], [l].[LeadId], [l].[ProcessedAt], [l].[Status]
      FROM [LeadFollowUpJobs] AS [l]
      WHERE [l].[Status] = N'Pending' AND [l].[DueAt] <= @__utcNow_0
      ORDER BY [l].[DueAt]
info: Microsoft.EntityFrameworkCore.Database.Command[20101]
      Executed DbCommand (3ms) [Parameters=[@__p_1='?' (DbType = Int32), @__utcNow_0='?' (DbType = DateTime2)], CommandType='Text', CommandTimeout='30']
      SELECT TOP(@__p_1) [l].[Id], [l].[AttemptCount], [l].[CreatedAt], [l].[DueAt], [l].[FollowUpType], [l].[LeadId], [l].[ProcessedAt], [l].[Status]
      FROM [LeadFollowUpJobs] AS [l]
      WHERE [l].[Status] = N'Pending' AND [l].[DueAt] <= @__utcNow_0
      ORDER BY [l].[DueAt]
info: Microsoft.EntityFrameworkCore.Database.Command[20101]
      Executed DbCommand (1ms) [Parameters=[@__p_1='?' (DbType = Int32), @__utcNow_0='?' (DbType = DateTime2)], CommandType='Text', CommandTimeout='30']
      SELECT TOP(@__p_1) [l].[Id], [l].[AttemptCount], [l].[CreatedAt], [l].[DueAt], [l].[FollowUpType], [l].[LeadId], [l].[ProcessedAt], [l].[Status]
      FROM [LeadFollowUpJobs] AS [l]
      WHERE [l].[Status] = N'Pending' AND [l].[DueAt] <= @__utcNow_0
      ORDER BY [l].[DueAt]
info: Microsoft.EntityFrameworkCore.Database.Command[20101]
      Executed DbCommand (3ms) [Parameters=[@__p_1='?' (DbType = Int32), @__utcNow_0='?' (DbType = DateTime2)], CommandType='Text', CommandTimeout='30']
      SELECT TOP(@__p_1) [l].[Id], [l].[AttemptCount], [l].[CreatedAt], [l].[DueAt], [l].[FollowUpType], [l].[LeadId], [l].[ProcessedAt], [l].[Status]
      FROM [LeadFollowUpJobs] AS [l]
      WHERE [l].[Status] = N'Pending' AND [l].[DueAt] <= @__utcNow_0
      ORDER BY [l].[DueAt]
info: Microsoft.EntityFrameworkCore.Database.Command[20101]
      Executed DbCommand (1ms) [Parameters=[@__p_1='?' (DbType = Int32), @__utcNow_0='?' (DbType = DateTime2)], CommandType='Text', CommandTimeout='30']
      SELECT TOP(@__p_1) [l].[Id], [l].[AttemptCount], [l].[CreatedAt], [l].[DueAt], [l].[FollowUpType], [l].[LeadId], [l].[ProcessedAt], [l].[Status]
      FROM [LeadFollowUpJobs] AS [l]
      WHERE [l].[Status] = N'Pending' AND [l].[DueAt] <= @__utcNow_0
      ORDER BY [l].[DueAt]
info: Microsoft.EntityFrameworkCore.Database.Command[20101]
      Executed DbCommand (2ms) [Parameters=[@__p_1='?' (DbType = Int32), @__utcNow_0='?' (DbType = DateTime2)], CommandType='Text', CommandTimeout='30']
      SELECT TOP(@__p_1) [l].[Id], [l].[AttemptCount], [l].[CreatedAt], [l].[DueAt], [l].[FollowUpType], [l].[LeadId], [l].[ProcessedAt], [l].[Status]
      FROM [LeadFollowUpJobs] AS [l]
      WHERE [l].[Status] = N'Pending' AND [l].[DueAt] <= @__utcNow_0
      ORDER BY [l].[DueAt]
info: Microsoft.EntityFrameworkCore.Database.Command[20101]
      Executed DbCommand (1ms) [Parameters=[@__p_1='?' (DbType = Int32), @__utcNow_0='?' (DbType = DateTime2)], CommandType='Text', CommandTimeout='30']
      SELECT TOP(@__p_1) [l].[Id], [l].[AttemptCount], [l].[CreatedAt], [l].[DueAt], [l].[FollowUpType], [l].[LeadId], [l].[ProcessedAt], [l].[Status]
      FROM [LeadFollowUpJobs] AS [l]
      WHERE [l].[Status] = N'Pending' AND [l].[DueAt] <= @__utcNow_0
      ORDER BY [l].[DueAt]
info: Microsoft.EntityFrameworkCore.Database.Command[20101]
      Executed DbCommand (2ms) [Parameters=[@__p_1='?' (DbType = Int32), @__utcNow_0='?' (DbType = DateTime2)], CommandType='Text', CommandTimeout='30']
      SELECT TOP(@__p_1) [l].[Id], [l].[AttemptCount], [l].[CreatedAt], [l].[DueAt], [l].[FollowUpType], [l].[LeadId], [l].[ProcessedAt], [l].[Status]
      FROM [LeadFollowUpJobs] AS [l]
      WHERE [l].[Status] = N'Pending' AND [l].[DueAt] <= @__utcNow_0
      ORDER BY [l].[DueAt]
info: Microsoft.EntityFrameworkCore.Database.Command[20101]
      Executed DbCommand (1ms) [Parameters=[@__p_1='?' (DbType = Int32), @__utcNow_0='?' (DbType = DateTime2)], CommandType='Text', CommandTimeout='30']
      SELECT TOP(@__p_1) [l].[Id], [l].[AttemptCount], [l].[CreatedAt], [l].[DueAt], [l].[FollowUpType], [l].[LeadId], [l].[ProcessedAt], [l].[Status]
      FROM [LeadFollowUpJobs] AS [l]
      WHERE [l].[Status] = N'Pending' AND [l].[DueAt] <= @__utcNow_0
      ORDER BY [l].[DueAt]
info: Microsoft.EntityFrameworkCore.Database.Command[20101]
      Executed DbCommand (1ms) [Parameters=[@__p_1='?' (DbType = Int32), @__utcNow_0='?' (DbType = DateTime2)], CommandType='Text', CommandTimeout='30']
      SELECT TOP(@__p_1) [l].[Id], [l].[AttemptCount], [l].[CreatedAt], [l].[DueAt], [l].[FollowUpType], [l].[LeadId], [l].[ProcessedAt], [l].[Status]
      FROM [LeadFollowUpJobs] AS [l]
      WHERE [l].[Status] = N'Pending' AND [l].[DueAt] <= @__utcNow_0
      ORDER BY [l].[DueAt]
info: Microsoft.EntityFrameworkCore.Database.Command[20101]
      Executed DbCommand (2ms) [Parameters=[@__p_1='?' (DbType = Int32), @__utcNow_0='?' (DbType = DateTime2)], CommandType='Text', CommandTimeout='30']
      SELECT TOP(@__p_1) [l].[Id], [l].[AttemptCount], [l].[CreatedAt], [l].[DueAt], [l].[FollowUpType], [l].[LeadId], [l].[ProcessedAt], [l].[Status]
      FROM [LeadFollowUpJobs] AS [l]
      WHERE [l].[Status] = N'Pending' AND [l].[DueAt] <= @__utcNow_0
      ORDER BY [l].[DueAt]
info: Microsoft.EntityFrameworkCore.Database.Command[20101]
      Executed DbCommand (2ms) [Parameters=[@__p_1='?' (DbType = Int32), @__utcNow_0='?' (DbType = DateTime2)], CommandType='Text', CommandTimeout='30']
      SELECT TOP(@__p_1) [l].[Id], [l].[AttemptCount], [l].[CreatedAt], [l].[DueAt], [l].[FollowUpType], [l].[LeadId], [l].[ProcessedAt], [l].[Status]
      FROM [LeadFollowUpJobs] AS [l]
      WHERE [l].[Status] = N'Pending' AND [l].[DueAt] <= @__utcNow_0
      ORDER BY [l].[DueAt]
info: Microsoft.EntityFrameworkCore.Database.Command[20101]
      Executed DbCommand (2ms) [Parameters=[@__p_1='?' (DbType = Int32), @__utcNow_0='?' (DbType = DateTime2)], CommandType='Text', CommandTimeout='30']
      SELECT TOP(@__p_1) [l].[Id], [l].[AttemptCount], [l].[CreatedAt], [l].[DueAt], [l].[FollowUpType], [l].[LeadId], [l].[ProcessedAt], [l].[Status]
      FROM [LeadFollowUpJobs] AS [l]
      WHERE [l].[Status] = N'Pending' AND [l].[DueAt] <= @__utcNow_0
      ORDER BY [l].[DueAt]
info: Microsoft.EntityFrameworkCore.Database.Command[20101]
      Executed DbCommand (3ms) [Parameters=[@__p_1='?' (DbType = Int32), @__utcNow_0='?' (DbType = DateTime2)], CommandType='Text', CommandTimeout='30']
      SELECT TOP(@__p_1) [l].[Id], [l].[AttemptCount], [l].[CreatedAt], [l].[DueAt], [l].[FollowUpType], [l].[LeadId], [l].[ProcessedAt], [l].[Status]
      FROM [LeadFollowUpJobs] AS [l]
      WHERE [l].[Status] = N'Pending' AND [l].[DueAt] <= @__utcNow_0
      ORDER BY [l].[DueAt]
info: Microsoft.EntityFrameworkCore.Database.Command[20101]
      Executed DbCommand (2ms) [Parameters=[@__p_1='?' (DbType = Int32), @__utcNow_0='?' (DbType = DateTime2)], CommandType='Text', CommandTimeout='30']
      SELECT TOP(@__p_1) [l].[Id], [l].[AttemptCount], [l].[CreatedAt], [l].[DueAt], [l].[FollowUpType], [l].[LeadId], [l].[ProcessedAt], [l].[Status]
      FROM [LeadFollowUpJobs] AS [l]
      WHERE [l].[Status] = N'Pending' AND [l].[DueAt] <= @__utcNow_0
      ORDER BY [l].[DueAt]
info: Microsoft.EntityFrameworkCore.Database.Command[20101]
      Executed DbCommand (1ms) [Parameters=[@__p_1='?' (DbType = Int32), @__utcNow_0='?' (DbType = DateTime2)], CommandType='Text', CommandTimeout='30']
      SELECT TOP(@__p_1) [l].[Id], [l].[AttemptCount], [l].[CreatedAt], [l].[DueAt], [l].[FollowUpType], [l].[LeadId], [l].[ProcessedAt], [l].[Status]
      FROM [LeadFollowUpJobs] AS [l]
      WHERE [l].[Status] = N'Pending' AND [l].[DueAt] <= @__utcNow_0
      ORDER BY [l].[DueAt]
info: Microsoft.EntityFrameworkCore.Database.Command[20101]
      Executed DbCommand (2ms) [Parameters=[@__p_1='?' (DbType = Int32), @__utcNow_0='?' (DbType = DateTime2)], CommandType='Text', CommandTimeout='30']
      SELECT TOP(@__p_1) [l].[Id], [l].[AttemptCount], [l].[CreatedAt], [l].[DueAt], [l].[FollowUpType], [l].[LeadId], [l].[ProcessedAt], [l].[Status]
      FROM [LeadFollowUpJobs] AS [l]
      WHERE [l].[Status] = N'Pending' AND [l].[DueAt] <= @__utcNow_0
      ORDER BY [l].[DueAt]
info: Microsoft.EntityFrameworkCore.Database.Command[20101]
      Executed DbCommand (1ms) [Parameters=[@__p_1='?' (DbType = Int32), @__utcNow_0='?' (DbType = DateTime2)], CommandType='Text', CommandTimeout='30']
      SELECT TOP(@__p_1) [l].[Id], [l].[AttemptCount], [l].[CreatedAt], [l].[DueAt], [l].[FollowUpType], [l].[LeadId], [l].[ProcessedAt], [l].[Status]
      FROM [LeadFollowUpJobs] AS [l]
      WHERE [l].[Status] = N'Pending' AND [l].[DueAt] <= @__utcNow_0
      ORDER BY [l].[DueAt]
info: Microsoft.EntityFrameworkCore.Database.Command[20101]
      Executed DbCommand (2ms) [Parameters=[@__p_1='?' (DbType = Int32), @__utcNow_0='?' (DbType = DateTime2)], CommandType='Text', CommandTimeout='30']
      SELECT TOP(@__p_1) [l].[Id], [l].[AttemptCount], [l].[CreatedAt], [l].[DueAt], [l].[FollowUpType], [l].[LeadId], [l].[ProcessedAt], [l].[Status]
      FROM [LeadFollowUpJobs] AS [l]
      WHERE [l].[Status] = N'Pending' AND [l].[DueAt] <= @__utcNow_0
      ORDER BY [l].[DueAt]
info: Microsoft.EntityFrameworkCore.Database.Command[20101]
      Executed DbCommand (1ms) [Parameters=[@__p_1='?' (DbType = Int32), @__utcNow_0='?' (DbType = DateTime2)], CommandType='Text', CommandTimeout='30']
      SELECT TOP(@__p_1) [l].[Id], [l].[AttemptCount], [l].[CreatedAt], [l].[DueAt], [l].[FollowUpType], [l].[LeadId], [l].[ProcessedAt], [l].[Status]
      FROM [LeadFollowUpJobs] AS [l]
      WHERE [l].[Status] = N'Pending' AND [l].[DueAt] <= @__utcNow_0
      ORDER BY [l].[DueAt]
info: Microsoft.EntityFrameworkCore.Database.Command[20101]
      Executed DbCommand (1ms) [Parameters=[@__p_1='?' (DbType = Int32), @__utcNow_0='?' (DbType = DateTime2)], CommandType='Text', CommandTimeout='30']
      SELECT TOP(@__p_1) [l].[Id], [l].[AttemptCount], [l].[CreatedAt], [l].[DueAt], [l].[FollowUpType], [l].[LeadId], [l].[ProcessedAt], [l].[Status]
      FROM [LeadFollowUpJobs] AS [l]
      WHERE [l].[Status] = N'Pending' AND [l].[DueAt] <= @__utcNow_0
      ORDER BY [l].[DueAt]
info: Microsoft.EntityFrameworkCore.Database.Command[20101]
      Executed DbCommand (3ms) [Parameters=[@__p_1='?' (DbType = Int32), @__utcNow_0='?' (DbType = DateTime2)], CommandType='Text', CommandTimeout='30']
      SELECT TOP(@__p_1) [l].[Id], [l].[AttemptCount], [l].[CreatedAt], [l].[DueAt], [l].[FollowUpType], [l].[LeadId], [l].[ProcessedAt], [l].[Status]
      FROM [LeadFollowUpJobs] AS [l]
      WHERE [l].[Status] = N'Pending' AND [l].[DueAt] <= @__utcNow_0
      ORDER BY [l].[DueAt]
info: Microsoft.EntityFrameworkCore.Database.Command[20101]
      Executed DbCommand (0ms) [Parameters=[@__p_1='?' (DbType = Int32), @__utcNow_0='?' (DbType = DateTime2)], CommandType='Text', CommandTimeout='30']
      SELECT TOP(@__p_1) [l].[Id], [l].[AttemptCount], [l].[CreatedAt], [l].[DueAt], [l].[FollowUpType], [l].[LeadId], [l].[ProcessedAt], [l].[Status]
      FROM [LeadFollowUpJobs] AS [l]
      WHERE [l].[Status] = N'Pending' AND [l].[DueAt] <= @__utcNow_0
      ORDER BY [l].[DueAt]
info: Microsoft.EntityFrameworkCore.Database.Command[20101]
      Executed DbCommand (3ms) [Parameters=[@__p_1='?' (DbType = Int32), @__utcNow_0='?' (DbType = DateTime2)], CommandType='Text', CommandTimeout='30']
      SELECT TOP(@__p_1) [l].[Id], [l].[AttemptCount], [l].[CreatedAt], [l].[DueAt], [l].[FollowUpType], [l].[LeadId], [l].[ProcessedAt], [l].[Status]
      FROM [LeadFollowUpJobs] AS [l]
      WHERE [l].[Status] = N'Pending' AND [l].[DueAt] <= @__utcNow_0
      ORDER BY [l].[DueAt]
info: Microsoft.EntityFrameworkCore.Database.Command[20101]
      Executed DbCommand (1ms) [Parameters=[@__p_1='?' (DbType = Int32), @__utcNow_0='?' (DbType = DateTime2)], CommandType='Text', CommandTimeout='30']
      SELECT TOP(@__p_1) [l].[Id], [l].[AttemptCount], [l].[CreatedAt], [l].[DueAt], [l].[FollowUpType], [l].[LeadId], [l].[ProcessedAt], [l].[Status]
      FROM [LeadFollowUpJobs] AS [l]
      WHERE [l].[Status] = N'Pending' AND [l].[DueAt] <= @__utcNow_0
      ORDER BY [l].[DueAt]
info: Microsoft.EntityFrameworkCore.Database.Command[20101]
      Executed DbCommand (2ms) [Parameters=[@__p_1='?' (DbType = Int32), @__utcNow_0='?' (DbType = DateTime2)], CommandType='Text', CommandTimeout='30']
      SELECT TOP(@__p_1) [l].[Id], [l].[AttemptCount], [l].[CreatedAt], [l].[DueAt], [l].[FollowUpType], [l].[LeadId], [l].[ProcessedAt], [l].[Status]
      FROM [LeadFollowUpJobs] AS [l]
      WHERE [l].[Status] = N'Pending' AND [l].[DueAt] <= @__utcNow_0
      ORDER BY [l].[DueAt]
info: Microsoft.EntityFrameworkCore.Database.Command[20101]
      Executed DbCommand (1ms) [Parameters=[@__p_1='?' (DbType = Int32), @__utcNow_0='?' (DbType = DateTime2)], CommandType='Text', CommandTimeout='30']
      SELECT TOP(@__p_1) [l].[Id], [l].[AttemptCount], [l].[CreatedAt], [l].[DueAt], [l].[FollowUpType], [l].[LeadId], [l].[ProcessedAt], [l].[Status]
      FROM [LeadFollowUpJobs] AS [l]
      WHERE [l].[Status] = N'Pending' AND [l].[DueAt] <= @__utcNow_0
      ORDER BY [l].[DueAt]
info: Microsoft.EntityFrameworkCore.Database.Command[20101]
      Executed DbCommand (2ms) [Parameters=[@__p_1='?' (DbType = Int32), @__utcNow_0='?' (DbType = DateTime2)], CommandType='Text', CommandTimeout='30']
      SELECT TOP(@__p_1) [l].[Id], [l].[AttemptCount], [l].[CreatedAt], [l].[DueAt], [l].[FollowUpType], [l].[LeadId], [l].[ProcessedAt], [l].[Status]
      FROM [LeadFollowUpJobs] AS [l]
      WHERE [l].[Status] = N'Pending' AND [l].[DueAt] <= @__utcNow_0
      ORDER BY [l].[DueAt]
info: Microsoft.EntityFrameworkCore.Database.Command[20101]
      Executed DbCommand (1ms) [Parameters=[@__p_1='?' (DbType = Int32), @__utcNow_0='?' (DbType = DateTime2)], CommandType='Text', CommandTimeout='30']
      SELECT TOP(@__p_1) [l].[Id], [l].[AttemptCount], [l].[CreatedAt], [l].[DueAt], [l].[FollowUpType], [l].[LeadId], [l].[ProcessedAt], [l].[Status]
      FROM [LeadFollowUpJobs] AS [l]
      WHERE [l].[Status] = N'Pending' AND [l].[DueAt] <= @__utcNow_0
      ORDER BY [l].[DueAt]
info: Microsoft.EntityFrameworkCore.Database.Command[20101]
      Executed DbCommand (2ms) [Parameters=[@__p_1='?' (DbType = Int32), @__utcNow_0='?' (DbType = DateTime2)], CommandType='Text', CommandTimeout='30']
      SELECT TOP(@__p_1) [l].[Id], [l].[AttemptCount], [l].[CreatedAt], [l].[DueAt], [l].[FollowUpType], [l].[LeadId], [l].[ProcessedAt], [l].[Status]
      FROM [LeadFollowUpJobs] AS [l]
      WHERE [l].[Status] = N'Pending' AND [l].[DueAt] <= @__utcNow_0
      ORDER BY [l].[DueAt]
info: Microsoft.EntityFrameworkCore.Database.Command[20101]
      Executed DbCommand (19ms) [Parameters=[@__p_1='?' (DbType = Int32), @__utcNow_0='?' (DbType = DateTime2)], CommandType='Text', CommandTimeout='30']
      SELECT TOP(@__p_1) [l].[Id], [l].[AttemptCount], [l].[CreatedAt], [l].[DueAt], [l].[FollowUpType], [l].[LeadId], [l].[ProcessedAt], [l].[Status]
      FROM [LeadFollowUpJobs] AS [l]
      WHERE [l].[Status] = N'Pending' AND [l].[DueAt] <= @__utcNow_0
      ORDER BY [l].[DueAt]
info: Microsoft.EntityFrameworkCore.Database.Command[20101]
      Executed DbCommand (1ms) [Parameters=[@__p_1='?' (DbType = Int32), @__utcNow_0='?' (DbType = DateTime2)], CommandType='Text', CommandTimeout='30']
      SELECT TOP(@__p_1) [l].[Id], [l].[AttemptCount], [l].[CreatedAt], [l].[DueAt], [l].[FollowUpType], [l].[LeadId], [l].[ProcessedAt], [l].[Status]
      FROM [LeadFollowUpJobs] AS [l]
      WHERE [l].[Status] = N'Pending' AND [l].[DueAt] <= @__utcNow_0
      ORDER BY [l].[DueAt]
info: Microsoft.EntityFrameworkCore.Database.Command[20101]
      Executed DbCommand (2ms) [Parameters=[@__p_1='?' (DbType = Int32), @__utcNow_0='?' (DbType = DateTime2)], CommandType='Text', CommandTimeout='30']
      SELECT TOP(@__p_1) [l].[Id], [l].[AttemptCount], [l].[CreatedAt], [l].[DueAt], [l].[FollowUpType], [l].[LeadId], [l].[ProcessedAt], [l].[Status]
      FROM [LeadFollowUpJobs] AS [l]
      WHERE [l].[Status] = N'Pending' AND [l].[DueAt] <= @__utcNow_0
      ORDER BY [l].[DueAt]
info: Microsoft.EntityFrameworkCore.Database.Command[20101]
      Executed DbCommand (0ms) [Parameters=[@__p_1='?' (DbType = Int32), @__utcNow_0='?' (DbType = DateTime2)], CommandType='Text', CommandTimeout='30']
      SELECT TOP(@__p_1) [l].[Id], [l].[AttemptCount], [l].[CreatedAt], [l].[DueAt], [l].[FollowUpType], [l].[LeadId], [l].[ProcessedAt], [l].[Status]
      FROM [LeadFollowUpJobs] AS [l]
      WHERE [l].[Status] = N'Pending' AND [l].[DueAt] <= @__utcNow_0
      ORDER BY [l].[DueAt]
info: Microsoft.EntityFrameworkCore.Database.Command[20101]
      Executed DbCommand (2ms) [Parameters=[@__p_1='?' (DbType = Int32), @__utcNow_0='?' (DbType = DateTime2)], CommandType='Text', CommandTimeout='30']
      SELECT TOP(@__p_1) [l].[Id], [l].[AttemptCount], [l].[CreatedAt], [l].[DueAt], [l].[FollowUpType], [l].[LeadId], [l].[ProcessedAt], [l].[Status]
      FROM [LeadFollowUpJobs] AS [l]
      WHERE [l].[Status] = N'Pending' AND [l].[DueAt] <= @__utcNow_0
      ORDER BY [l].[DueAt]
info: Microsoft.EntityFrameworkCore.Database.Command[20101]
      Executed DbCommand (1ms) [Parameters=[@__p_1='?' (DbType = Int32), @__utcNow_0='?' (DbType = DateTime2)], CommandType='Text', CommandTimeout='30']
      SELECT TOP(@__p_1) [l].[Id], [l].[AttemptCount], [l].[CreatedAt], [l].[DueAt], [l].[FollowUpType], [l].[LeadId], [l].[ProcessedAt], [l].[Status]
      FROM [LeadFollowUpJobs] AS [l]
      WHERE [l].[Status] = N'Pending' AND [l].[DueAt] <= @__utcNow_0
      ORDER BY [l].[DueAt]
info: Microsoft.EntityFrameworkCore.Database.Command[20101]
      Executed DbCommand (2ms) [Parameters=[@__p_1='?' (DbType = Int32), @__utcNow_0='?' (DbType = DateTime2)], CommandType='Text', CommandTimeout='30']
      SELECT TOP(@__p_1) [l].[Id], [l].[AttemptCount], [l].[CreatedAt], [l].[DueAt], [l].[FollowUpType], [l].[LeadId], [l].[ProcessedAt], [l].[Status]
      FROM [LeadFollowUpJobs] AS [l]
      WHERE [l].[Status] = N'Pending' AND [l].[DueAt] <= @__utcNow_0
      ORDER BY [l].[DueAt]
info: Microsoft.EntityFrameworkCore.Database.Command[20101]
      Executed DbCommand (1ms) [Parameters=[@__p_1='?' (DbType = Int32), @__utcNow_0='?' (DbType = DateTime2)], CommandType='Text', CommandTimeout='30']
      SELECT TOP(@__p_1) [l].[Id], [l].[AttemptCount], [l].[CreatedAt], [l].[DueAt], [l].[FollowUpType], [l].[LeadId], [l].[ProcessedAt], [l].[Status]
      FROM [LeadFollowUpJobs] AS [l]
      WHERE [l].[Status] = N'Pending' AND [l].[DueAt] <= @__utcNow_0
      ORDER BY [l].[DueAt]
info: Microsoft.EntityFrameworkCore.Database.Command[20101]
      Executed DbCommand (2ms) [Parameters=[@__p_1='?' (DbType = Int32), @__utcNow_0='?' (DbType = DateTime2)], CommandType='Text', CommandTimeout='30']
      SELECT TOP(@__p_1) [l].[Id], [l].[AttemptCount], [l].[CreatedAt], [l].[DueAt], [l].[FollowUpType], [l].[LeadId], [l].[ProcessedAt], [l].[Status]
      FROM [LeadFollowUpJobs] AS [l]
      WHERE [l].[Status] = N'Pending' AND [l].[DueAt] <= @__utcNow_0
      ORDER BY [l].[DueAt]
info: Microsoft.EntityFrameworkCore.Database.Command[20101]
      Executed DbCommand (1ms) [Parameters=[@__p_1='?' (DbType = Int32), @__utcNow_0='?' (DbType = DateTime2)], CommandType='Text', CommandTimeout='30']
      SELECT TOP(@__p_1) [l].[Id], [l].[AttemptCount], [l].[CreatedAt], [l].[DueAt], [l].[FollowUpType], [l].[LeadId], [l].[ProcessedAt], [l].[Status]
      FROM [LeadFollowUpJobs] AS [l]
      WHERE [l].[Status] = N'Pending' AND [l].[DueAt] <= @__utcNow_0
      ORDER BY [l].[DueAt]
info: Microsoft.EntityFrameworkCore.Database.Command[20101]
      Executed DbCommand (2ms) [Parameters=[@__p_1='?' (DbType = Int32), @__utcNow_0='?' (DbType = DateTime2)], CommandType='Text', CommandTimeout='30']
      SELECT TOP(@__p_1) [l].[Id], [l].[AttemptCount], [l].[CreatedAt], [l].[DueAt], [l].[FollowUpType], [l].[LeadId], [l].[ProcessedAt], [l].[Status]
      FROM [LeadFollowUpJobs] AS [l]
      WHERE [l].[Status] = N'Pending' AND [l].[DueAt] <= @__utcNow_0
      ORDER BY [l].[DueAt]
info: Microsoft.EntityFrameworkCore.Database.Command[20101]
      Executed DbCommand (3ms) [Parameters=[@__p_1='?' (DbType = Int32), @__utcNow_0='?' (DbType = DateTime2)], CommandType='Text', CommandTimeout='30']
      SELECT TOP(@__p_1) [l].[Id], [l].[AttemptCount], [l].[CreatedAt], [l].[DueAt], [l].[FollowUpType], [l].[LeadId], [l].[ProcessedAt], [l].[Status]
      FROM [LeadFollowUpJobs] AS [l]
      WHERE [l].[Status] = N'Pending' AND [l].[DueAt] <= @__utcNow_0
      ORDER BY [l].[DueAt]
info: Microsoft.EntityFrameworkCore.Database.Command[20101]
      Executed DbCommand (2ms) [Parameters=[@__p_1='?' (DbType = Int32), @__utcNow_0='?' (DbType = DateTime2)], CommandType='Text', CommandTimeout='30']
      SELECT TOP(@__p_1) [l].[Id], [l].[AttemptCount], [l].[CreatedAt], [l].[DueAt], [l].[FollowUpType], [l].[LeadId], [l].[ProcessedAt], [l].[Status]
      FROM [LeadFollowUpJobs] AS [l]
      WHERE [l].[Status] = N'Pending' AND [l].[DueAt] <= @__utcNow_0
      ORDER BY [l].[DueAt]
info: Microsoft.EntityFrameworkCore.Database.Command[20101]
      Executed DbCommand (2ms) [Parameters=[@__p_1='?' (DbType = Int32), @__utcNow_0='?' (DbType = DateTime2)], CommandType='Text', CommandTimeout='30']
      SELECT TOP(@__p_1) [l].[Id], [l].[AttemptCount], [l].[CreatedAt], [l].[DueAt], [l].[FollowUpType], [l].[LeadId], [l].[ProcessedAt], [l].[Status]
      FROM [LeadFollowUpJobs] AS [l]
      WHERE [l].[Status] = N'Pending' AND [l].[DueAt] <= @__utcNow_0
      ORDER BY [l].[DueAt]
info: Microsoft.EntityFrameworkCore.Database.Command[20101]
      Executed DbCommand (1ms) [Parameters=[@__p_1='?' (DbType = Int32), @__utcNow_0='?' (DbType = DateTime2)], CommandType='Text', CommandTimeout='30']
      SELECT TOP(@__p_1) [l].[Id], [l].[AttemptCount], [l].[CreatedAt], [l].[DueAt], [l].[FollowUpType], [l].[LeadId], [l].[ProcessedAt], [l].[Status]
      FROM [LeadFollowUpJobs] AS [l]
      WHERE [l].[Status] = N'Pending' AND [l].[DueAt] <= @__utcNow_0
      ORDER BY [l].[DueAt]
info: Microsoft.EntityFrameworkCore.Database.Command[20101]
      Executed DbCommand (2ms) [Parameters=[@__p_1='?' (DbType = Int32), @__utcNow_0='?' (DbType = DateTime2)], CommandType='Text', CommandTimeout='30']
      SELECT TOP(@__p_1) [l].[Id], [l].[AttemptCount], [l].[CreatedAt], [l].[DueAt], [l].[FollowUpType], [l].[LeadId], [l].[ProcessedAt], [l].[Status]
      FROM [LeadFollowUpJobs] AS [l]
      WHERE [l].[Status] = N'Pending' AND [l].[DueAt] <= @__utcNow_0
      ORDER BY [l].[DueAt]
info: Microsoft.EntityFrameworkCore.Database.Command[20101]
      Executed DbCommand (1ms) [Parameters=[@__p_1='?' (DbType = Int32), @__utcNow_0='?' (DbType = DateTime2)], CommandType='Text', CommandTimeout='30']
      SELECT TOP(@__p_1) [l].[Id], [l].[AttemptCount], [l].[CreatedAt], [l].[DueAt], [l].[FollowUpType], [l].[LeadId], [l].[ProcessedAt], [l].[Status]
      FROM [LeadFollowUpJobs] AS [l]
      WHERE [l].[Status] = N'Pending' AND [l].[DueAt] <= @__utcNow_0
      ORDER BY [l].[DueAt]
info: Microsoft.EntityFrameworkCore.Database.Command[20101]
      Executed DbCommand (11ms) [Parameters=[@__p_1='?' (DbType = Int32), @__utcNow_0='?' (DbType = DateTime2)], CommandType='Text', CommandTimeout='30']
      SELECT TOP(@__p_1) [l].[Id], [l].[AttemptCount], [l].[CreatedAt], [l].[DueAt], [l].[FollowUpType], [l].[LeadId], [l].[ProcessedAt], [l].[Status]
      FROM [LeadFollowUpJobs] AS [l]
      WHERE [l].[Status] = N'Pending' AND [l].[DueAt] <= @__utcNow_0
      ORDER BY [l].[DueAt]
info: Microsoft.EntityFrameworkCore.Database.Command[20101]
      Executed DbCommand (0ms) [Parameters=[@__p_1='?' (DbType = Int32), @__utcNow_0='?' (DbType = DateTime2)], CommandType='Text', CommandTimeout='30']
      SELECT TOP(@__p_1) [l].[Id], [l].[AttemptCount], [l].[CreatedAt], [l].[DueAt], [l].[FollowUpType], [l].[LeadId], [l].[ProcessedAt], [l].[Status]
      FROM [LeadFollowUpJobs] AS [l]
      WHERE [l].[Status] = N'Pending' AND [l].[DueAt] <= @__utcNow_0
      ORDER BY [l].[DueAt]
info: Microsoft.EntityFrameworkCore.Database.Command[20101]
      Executed DbCommand (2ms) [Parameters=[@__p_1='?' (DbType = Int32), @__utcNow_0='?' (DbType = DateTime2)], CommandType='Text', CommandTimeout='30']
      SELECT TOP(@__p_1) [l].[Id], [l].[AttemptCount], [l].[CreatedAt], [l].[DueAt], [l].[FollowUpType], [l].[LeadId], [l].[ProcessedAt], [l].[Status]
      FROM [LeadFollowUpJobs] AS [l]
      WHERE [l].[Status] = N'Pending' AND [l].[DueAt] <= @__utcNow_0
      ORDER BY [l].[DueAt]
info: Microsoft.EntityFrameworkCore.Database.Command[20101]
      Executed DbCommand (3ms) [Parameters=[@__p_1='?' (DbType = Int32), @__utcNow_0='?' (DbType = DateTime2)], CommandType='Text', CommandTimeout='30']
      SELECT TOP(@__p_1) [l].[Id], [l].[AttemptCount], [l].[CreatedAt], [l].[DueAt], [l].[FollowUpType], [l].[LeadId], [l].[ProcessedAt], [l].[Status]
      FROM [LeadFollowUpJobs] AS [l]
      WHERE [l].[Status] = N'Pending' AND [l].[DueAt] <= @__utcNow_0
      ORDER BY [l].[DueAt]
info: Microsoft.EntityFrameworkCore.Database.Command[20101]
      Executed DbCommand (2ms) [Parameters=[@__p_1='?' (DbType = Int32), @__utcNow_0='?' (DbType = DateTime2)], CommandType='Text', CommandTimeout='30']
      SELECT TOP(@__p_1) [l].[Id], [l].[AttemptCount], [l].[CreatedAt], [l].[DueAt], [l].[FollowUpType], [l].[LeadId], [l].[ProcessedAt], [l].[Status]
      FROM [LeadFollowUpJobs] AS [l]
      WHERE [l].[Status] = N'Pending' AND [l].[DueAt] <= @__utcNow_0
      ORDER BY [l].[DueAt]
info: Microsoft.EntityFrameworkCore.Database.Command[20101]
      Executed DbCommand (3ms) [Parameters=[@__p_1='?' (DbType = Int32), @__utcNow_0='?' (DbType = DateTime2)], CommandType='Text', CommandTimeout='30']
      SELECT TOP(@__p_1) [l].[Id], [l].[AttemptCount], [l].[CreatedAt], [l].[DueAt], [l].[FollowUpType], [l].[LeadId], [l].[ProcessedAt], [l].[Status]
      FROM [LeadFollowUpJobs] AS [l]
      WHERE [l].[Status] = N'Pending' AND [l].[DueAt] <= @__utcNow_0
      ORDER BY [l].[DueAt]
info: Microsoft.EntityFrameworkCore.Database.Command[20101]
      Executed DbCommand (1ms) [Parameters=[@__p_1='?' (DbType = Int32), @__utcNow_0='?' (DbType = DateTime2)], CommandType='Text', CommandTimeout='30']
      SELECT TOP(@__p_1) [l].[Id], [l].[AttemptCount], [l].[CreatedAt], [l].[DueAt], [l].[FollowUpType], [l].[LeadId], [l].[ProcessedAt], [l].[Status]
      FROM [LeadFollowUpJobs] AS [l]
      WHERE [l].[Status] = N'Pending' AND [l].[DueAt] <= @__utcNow_0
      ORDER BY [l].[DueAt]
info: Microsoft.EntityFrameworkCore.Database.Command[20101]
      Executed DbCommand (2ms) [Parameters=[@__p_1='?' (DbType = Int32), @__utcNow_0='?' (DbType = DateTime2)], CommandType='Text', CommandTimeout='30']
      SELECT TOP(@__p_1) [l].[Id], [l].[AttemptCount], [l].[CreatedAt], [l].[DueAt], [l].[FollowUpType], [l].[LeadId], [l].[ProcessedAt], [l].[Status]
      FROM [LeadFollowUpJobs] AS [l]
      WHERE [l].[Status] = N'Pending' AND [l].[DueAt] <= @__utcNow_0
      ORDER BY [l].[DueAt]
