Security Warning: The negotiated TLS 1.0 is an insecure protocol and is supported for backward compatibility only. The recommended protocol version is TLS 1.2 and later.
info: Microsoft.EntityFrameworkCore.Database.Command[20101]
      Executed DbCommand (25ms) [Parameters=[], CommandType='Text', CommandTimeout='30']
      SELECT 1
info: Microsoft.EntityFrameworkCore.Database.Command[20101]
      Executed DbCommand (45ms) [Parameters=[], CommandType='Text', CommandTimeout='30']
      
      IF EXISTS
          (SELECT *
           FROM [sys].[objects] o
           WHERE [o].[type] = 'U'
           AND [o].[is_ms_shipped] = 0
           AND NOT EXISTS (SELECT *
               FROM [sys].[extended_properties] AS [ep]
               WHERE [ep].[major_id] = [o].[object_id]
                   AND [ep].[minor_id] = 0
                   AND [ep].[class] = 1
                   AND [ep].[name] = N'microsoft_database_tools_support'
          )
      )
      SELECT 1 ELSE SELECT 0
info: Microsoft.EntityFrameworkCore.Database.Command[20101]
      Executed DbCommand (18ms) [Parameters=[], CommandType='Text', CommandTimeout='30']
      IF COL_LENGTH('Leads', 'Status') IS NULL
BEGIN
    ALTER TABLE Leads
    ADD Status NVARCHAR(20) NOT NULL
    CONSTRAINT DF_Leads_Status DEFAULT 'New';
END

IF COL_LENGTH('Leads', 'Score') IS NULL
BEGIN
    ALTER TABLE Leads
    ADD Score NVARCHAR(20) NOT NULL
    CONSTRAINT DF_Leads_Score DEFAULT 'Warm';
END

IF COL_LENGTH('Leads', 'Notes') IS NULL
BEGIN
    ALTER TABLE Leads
    ADD Notes NVARCHAR(2000) NULL;
END

IF COL_LENGTH('Leads', 'FunnelStage') IS NULL
BEGIN
    ALTER TABLE Leads
    ADD FunnelStage NVARCHAR(30) NOT NULL
    CONSTRAINT DF_Leads_FunnelStage DEFAULT 'New';
END

IF OBJECT_ID('LeadActivityLogs', 'U') IS NULL
BEGIN
    CREATE TABLE LeadActivityLogs (
        Id INT IDENTITY(1,1) NOT NULL PRIMARY KEY,
        LeadId INT NOT NULL,
        ActivityType NVARCHAR(60) NOT NULL,
        Message NVARCHAR(500) NOT NULL,
        Status NVARCHAR(30) NOT NULL,
        CreatedAt DATETIME2 NOT NULL DEFAULT SYSUTCDATETIME()
    );

    CREATE INDEX IX_LeadActivityLogs_LeadId ON LeadActivityLogs (LeadId);
END

IF OBJECT_ID('FunnelEvents', 'U') IS NULL
BEGIN
    CREATE TABLE FunnelEvents (
        Id INT IDENTITY(1,1) NOT NULL PRIMARY KEY,
        LeadId INT NOT NULL,
        Stage NVARCHAR(20) NOT NULL,
        Timestamp DATETIME2 NOT NULL DEFAULT SYSUTCDATETIME()
    );

    CREATE INDEX IX_FunnelEvents_LeadId ON FunnelEvents (LeadId);
    CREATE INDEX IX_FunnelEvents_Stage ON FunnelEvents (Stage);
END

IF EXISTS (SELECT 1 FROM DemoBookings WHERE Status = 'Booked')
BEGIN
    UPDATE DemoBookings
    SET Status = 'Confirmed'
    WHERE Status = 'Booked';
END
info: Microsoft.EntityFrameworkCore.Database.Command[20101]
      Executed DbCommand (3ms) [Parameters=[], CommandType='Text', CommandTimeout='30']
      SELECT CASE
          WHEN EXISTS (
              SELECT 1
              FROM [AppUsers] AS [a]) THEN CAST(1 AS bit)
          ELSE CAST(0 AS bit)
      END
info: Microsoft.EntityFrameworkCore.Database.Command[20101]
      Executed DbCommand (44ms) [Parameters=[], CommandType='Text', CommandTimeout='30']
      SELECT CASE
          WHEN EXISTS (
              SELECT 1
              FROM [Leads] AS [l]) THEN CAST(1 AS bit)
          ELSE CAST(0 AS bit)
      END
info: Microsoft.Hosting.Lifetime[14]
      Now listening on: http://localhost:5099
info: Microsoft.Hosting.Lifetime[0]
      Application started. Press Ctrl+C to shut down.
info: Microsoft.Hosting.Lifetime[0]
      Hosting environment: Development
info: Microsoft.Hosting.Lifetime[0]
      Content root path: C:\Users\PC\Desktop\CRM MODEL\src\COEPD.SalesFunnelSystem.Web
warn: Microsoft.AspNetCore.HttpsPolicy.HttpsRedirectionMiddleware[3]
      Failed to determine the https port for redirect.
Security Warning: The negotiated TLS 1.0 is an insecure protocol and is supported for backward compatibility only. The recommended protocol version is TLS 1.2 and later.
info: Microsoft.EntityFrameworkCore.Database.Command[20101]
      Executed DbCommand (21ms) [Parameters=[@p0='?' (DbType = DateTime2), @p1='?' (Size = 4000), @p2='?' (Size = 4000), @p3='?' (DbType = Boolean), @p4='?' (Size = 4000), @p5='?' (Size = 4000), @p6='?' (Size = 4000), @p7='?' (Size = 80), @p8='?' (Size = 4000), @p9='?' (Size = 50)], CommandType='Text', CommandTimeout='30']
      SET IMPLICIT_TRANSACTIONS OFF;
      SET NOCOUNT ON;
      INSERT INTO [ChatSessions] ([CreatedAt], [Domain], [Email], [LeadCaptured], [Location], [Name], [Phone], [SessionId], [Source], [Stage])
      OUTPUT INSERTED.[Id]
      VALUES (@p0, @p1, @p2, @p3, @p4, @p5, @p6, @p7, @p8, @p9);
info: Microsoft.EntityFrameworkCore.Database.Command[20101]
      Executed DbCommand (4ms) [Parameters=[@p0='?' (DbType = Int32), @p1='?' (Size = 2000), @p2='?' (DbType = DateTime2), @p3='?' (Size = 20)], CommandType='Text', CommandTimeout='30']
      SET IMPLICIT_TRANSACTIONS OFF;
      SET NOCOUNT ON;
      INSERT INTO [ChatMessages] ([ChatSessionId], [Content], [CreatedAt], [Sender])
      OUTPUT INSERTED.[Id]
      VALUES (@p0, @p1, @p2, @p3);
info: Microsoft.EntityFrameworkCore.Database.Command[20101]
      Executed DbCommand (1ms) [Parameters=[@p0='?' (DbType = Int32), @p1='?' (Size = 2000), @p2='?' (DbType = DateTime2), @p3='?' (Size = 20)], CommandType='Text', CommandTimeout='30']
      SET IMPLICIT_TRANSACTIONS OFF;
      SET NOCOUNT ON;
      INSERT INTO [ChatMessages] ([ChatSessionId], [Content], [CreatedAt], [Sender])
      OUTPUT INSERTED.[Id]
      VALUES (@p0, @p1, @p2, @p3);
info: Microsoft.EntityFrameworkCore.Database.Command[20101]
      Executed DbCommand (3ms) [Parameters=[@__email_0='?' (Size = 150)], CommandType='Text', CommandTimeout='30']
      SELECT TOP(1) [a].[Id], [a].[CreatedAt], [a].[Email], [a].[FullName], [a].[IsActive], [a].[PasswordHash], [a].[Role]
      FROM [AppUsers] AS [a]
      WHERE [a].[Email] = @__email_0
info: Microsoft.EntityFrameworkCore.Database.Command[20101]
      Executed DbCommand (1ms) [Parameters=[@__email_0='?' (Size = 150)], CommandType='Text', CommandTimeout='30']
      SELECT TOP(1) [a].[Id], [a].[CreatedAt], [a].[Email], [a].[FullName], [a].[IsActive], [a].[PasswordHash], [a].[Role]
      FROM [AppUsers] AS [a]
      WHERE [a].[Email] = @__email_0
info: Microsoft.EntityFrameworkCore.Database.Command[20101]
      Executed DbCommand (1ms) [Parameters=[@__email_0='?' (Size = 150)], CommandType='Text', CommandTimeout='30']
      SELECT TOP(1) [a].[Id], [a].[CreatedAt], [a].[Email], [a].[FullName], [a].[IsActive], [a].[PasswordHash], [a].[Role]
      FROM [AppUsers] AS [a]
      WHERE [a].[Email] = @__email_0
info: Microsoft.EntityFrameworkCore.Database.Command[20101]
      Executed DbCommand (1ms) [Parameters=[@__email_0='?' (Size = 150)], CommandType='Text', CommandTimeout='30']
      SELECT TOP(1) [a].[Id], [a].[CreatedAt], [a].[Email], [a].[FullName], [a].[IsActive], [a].[PasswordHash], [a].[Role]
      FROM [AppUsers] AS [a]
      WHERE [a].[Email] = @__email_0
