Using launch settings from src\COEPD.SalesFunnelSystem.Web\Properties\launchSettings.json...
Security Warning: The negotiated TLS 1.0 is an insecure protocol and is supported for backward compatibility only. The recommended protocol version is TLS 1.2 and later.
info: Microsoft.EntityFrameworkCore.Database.Command[20101]
      Executed DbCommand (29ms) [Parameters=[], CommandType='Text', CommandTimeout='30']
      SELECT 1
info: Microsoft.EntityFrameworkCore.Database.Command[20101]
      Executed DbCommand (33ms) [Parameters=[], CommandType='Text', CommandTimeout='30']
      
      IF EXISTS
          (SELECT *
           FROM [sys].[objects] o
           WHERE [o].[type] = 'U'
           AND [o].[is_ms_shipped] = 0
           AND NOT EXISTS (SELECT *
               FROM [sys].[extended_properties] AS [ep]
               WHERE [ep].[major_id] = [o].[object_id]
                   AND [ep].[minor_id] = 0
                   AND [ep].[class] = 1
                   AND [ep].[name] = N'microsoft_database_tools_support'
          )
      )
      SELECT 1 ELSE SELECT 0
info: Microsoft.EntityFrameworkCore.Database.Command[20101]
      Executed DbCommand (30ms) [Parameters=[], CommandType='Text', CommandTimeout='30']
      IF COL_LENGTH('Leads', 'Status') IS NULL
BEGIN
    ALTER TABLE Leads
    ADD Status NVARCHAR(20) NOT NULL
    CONSTRAINT DF_Leads_Status DEFAULT 'New';
END

IF COL_LENGTH('Leads', 'Score') IS NULL
BEGIN
    ALTER TABLE Leads
    ADD Score NVARCHAR(20) NOT NULL
    CONSTRAINT DF_Leads_Score DEFAULT 'Warm';
END

IF COL_LENGTH('Leads', 'Notes') IS NULL
BEGIN
    ALTER TABLE Leads
    ADD Notes NVARCHAR(2000) NULL;
END

IF COL_LENGTH('Leads', 'FunnelStage') IS NULL
BEGIN
    ALTER TABLE Leads
    ADD FunnelStage NVARCHAR(30) NOT NULL
    CONSTRAINT DF_Leads_FunnelStage DEFAULT 'New';
END

IF OBJECT_ID('LeadActivityLogs', 'U') IS NULL
BEGIN
    CREATE TABLE LeadActivityLogs (
        Id INT IDENTITY(1,1) NOT NULL PRIMARY KEY,
        LeadId INT NOT NULL,
        ActivityType NVARCHAR(60) NOT NULL,
        Message NVARCHAR(500) NOT NULL,
        Status NVARCHAR(30) NOT NULL,
        CreatedAt DATETIME2 NOT NULL DEFAULT SYSUTCDATETIME()
    );

    CREATE INDEX IX_LeadActivityLogs_LeadId ON LeadActivityLogs (LeadId);
END

IF OBJECT_ID('FunnelEvents', 'U') IS NULL
BEGIN
    CREATE TABLE FunnelEvents (
        Id INT IDENTITY(1,1) NOT NULL PRIMARY KEY,
        LeadId INT NOT NULL,
        Stage NVARCHAR(20) NOT NULL,
        Timestamp DATETIME2 NOT NULL DEFAULT SYSUTCDATETIME()
    );

    CREATE INDEX IX_FunnelEvents_LeadId ON FunnelEvents (LeadId);
    CREATE INDEX IX_FunnelEvents_Stage ON FunnelEvents (Stage);
END

IF EXISTS (SELECT 1 FROM DemoBookings WHERE Status = 'Booked')
BEGIN
    UPDATE DemoBookings
    SET Status = 'Confirmed'
    WHERE Status = 'Booked';
END
info: Microsoft.EntityFrameworkCore.Database.Command[20101]
      Executed DbCommand (14ms) [Parameters=[], CommandType='Text', CommandTimeout='30']
      SELECT CASE
          WHEN EXISTS (
              SELECT 1
              FROM [AppUsers] AS [a]) THEN CAST(1 AS bit)
          ELSE CAST(0 AS bit)
      END
info: Microsoft.EntityFrameworkCore.Database.Command[20101]
      Executed DbCommand (1ms) [Parameters=[], CommandType='Text', CommandTimeout='30']
      SELECT CASE
          WHEN EXISTS (
              SELECT 1
              FROM [Leads] AS [l]) THEN CAST(1 AS bit)
          ELSE CAST(0 AS bit)
      END
warn: Microsoft.AspNetCore.Server.Kestrel.Core.KestrelServer[8]
      The ASP.NET Core developer certificate is not trusted. For information about trusting the ASP.NET Core developer certificate, see https://aka.ms/aspnet/https-trust-dev-cert
info: Microsoft.Hosting.Lifetime[14]
      Now listening on: https://localhost:7065
info: Microsoft.Hosting.Lifetime[14]
      Now listening on: http://localhost:5065
info: Microsoft.Hosting.Lifetime[0]
      Application started. Press Ctrl+C to shut down.
info: Microsoft.Hosting.Lifetime[0]
      Hosting environment: Development
info: Microsoft.Hosting.Lifetime[0]
      Content root path: C:\Users\PC\Desktop\CRM MODEL\src\COEPD.SalesFunnelSystem.Web
Security Warning: The negotiated TLS 1.0 is an insecure protocol and is supported for backward compatibility only. The recommended protocol version is TLS 1.2 and later.
info: Microsoft.EntityFrameworkCore.Database.Command[20101]
      Executed DbCommand (19ms) [Parameters=[@p0='?' (DbType = Int32), @p1='?' (Size = 20), @p2='?' (DbType = DateTime2)], CommandType='Text', CommandTimeout='30']
      SET IMPLICIT_TRANSACTIONS OFF;
      SET NOCOUNT ON;
      INSERT INTO [FunnelEvents] ([LeadId], [Stage], [Timestamp])
      OUTPUT INSERTED.[Id]
      VALUES (@p0, @p1, @p2);
info: Microsoft.EntityFrameworkCore.Database.Command[20101]
      Executed DbCommand (3ms) [Parameters=[@__id_0='?' (DbType = Int32)], CommandType='Text', CommandTimeout='30']
      SELECT TOP(1) [l].[Id], [l].[CreatedAt], [l].[InterestedDomain], [l].[Email], [l].[FunnelStage], [l].[Location], [l].[Name], [l].[Notes], [l].[Phone], [l].[Score], [l].[Source], [l].[Status]
      FROM [Leads] AS [l]
      WHERE [l].[Id] = @__id_0
fail: COEPD.SalesFunnelSystem.Web.Middleware.ApiExceptionMiddleware[0]
      Unhandled exception. TraceId: 0HNKFMDRIPMH9:00000003
      System.InvalidOperationException: Lead not found.
         at COEPD.SalesFunnelSystem.Application.Services.DemoBookingService.CreateAsync(CreateDemoBookingRequest request, CancellationToken cancellationToken) in C:\Users\PC\Desktop\CRM MODEL\src\COEPD.SalesFunnelSystem.Application\Services\DemoBookingService.cs:line 42
         at COEPD.SalesFunnelSystem.Web.Controllers.Api.DemoBookingController.Post(CreateDemoBookingRequest request, CancellationToken cancellationToken) in C:\Users\PC\Desktop\CRM MODEL\src\COEPD.SalesFunnelSystem.Web\Controllers\Api\ApiControllers.cs:line 90
         at Microsoft.AspNetCore.Mvc.Infrastructure.ActionMethodExecutor.TaskOfIActionResultExecutor.Execute(ActionContext actionContext, IActionResultTypeMapper mapper, ObjectMethodExecutor executor, Object controller, Object[] arguments)
         at Microsoft.AspNetCore.Mvc.Infrastructure.ControllerActionInvoker.<InvokeActionMethodAsync>g__Awaited|12_0(ControllerActionInvoker invoker, ValueTask`1 actionResultValueTask)
         at Microsoft.AspNetCore.Mvc.Infrastructure.ControllerActionInvoker.<InvokeNextActionFilterAsync>g__Awaited|10_0(ControllerActionInvoker invoker, Task lastTask, State next, Scope scope, Object state, Boolean isCompleted)
         at Microsoft.AspNetCore.Mvc.Infrastructure.ControllerActionInvoker.Rethrow(ActionExecutedContextSealed context)
         at Microsoft.AspNetCore.Mvc.Infrastructure.ControllerActionInvoker.Next(State& next, Scope& scope, Object& state, Boolean& isCompleted)
         at Microsoft.AspNetCore.Mvc.Infrastructure.ControllerActionInvoker.<InvokeInnerFilterAsync>g__Awaited|13_0(ControllerActionInvoker invoker, Task lastTask, State next, Scope scope, Object state, Boolean isCompleted)
         at Microsoft.AspNetCore.Mvc.Infrastructure.ResourceInvoker.<InvokeNextResourceFilter>g__Awaited|25_0(ResourceInvoker invoker, Task lastTask, State next, Scope scope, Object state, Boolean isCompleted)
         at Microsoft.AspNetCore.Mvc.Infrastructure.ResourceInvoker.Rethrow(ResourceExecutedContextSealed context)
         at Microsoft.AspNetCore.Mvc.Infrastructure.ResourceInvoker.Next(State& next, Scope& scope, Object& state, Boolean& isCompleted)
         at Microsoft.AspNetCore.Mvc.Infrastructure.ResourceInvoker.<InvokeFilterPipelineAsync>g__Awaited|20_0(ResourceInvoker invoker, Task lastTask, State next, Scope scope, Object state, Boolean isCompleted)
         at Microsoft.AspNetCore.Mvc.Infrastructure.ResourceInvoker.<InvokeAsync>g__Awaited|17_0(ResourceInvoker invoker, Task task, IDisposable scope)
         at Microsoft.AspNetCore.Mvc.Infrastructure.ResourceInvoker.<InvokeAsync>g__Awaited|17_0(ResourceInvoker invoker, Task task, IDisposable scope)
         at Microsoft.AspNetCore.Authorization.AuthorizationMiddleware.Invoke(HttpContext context)
         at Microsoft.AspNetCore.Authentication.AuthenticationMiddleware.Invoke(HttpContext context)
         at COEPD.SalesFunnelSystem.Web.Middleware.ApiExceptionMiddleware.Invoke(HttpContext context) in C:\Users\PC\Desktop\CRM MODEL\src\COEPD.SalesFunnelSystem.Web\Middleware\ApiExceptionMiddleware.cs:line 20
info: Microsoft.EntityFrameworkCore.Database.Command[20101]
      Executed DbCommand (7ms) [Parameters=[@p0='?' (DbType = DateTime2), @p1='?' (Size = 120), @p2='?' (Size = 150), @p3='?' (Size = 30), @p4='?' (Size = 120), @p5='?' (Size = 120), @p6='?' (Size = 2000), @p7='?' (Size = 20), @p8='?' (Size = 20), @p9='?' (Size = 50), @p10='?' (Size = 20)], CommandType='Text', CommandTimeout='30']
      SET IMPLICIT_TRANSACTIONS OFF;
      SET NOCOUNT ON;
      INSERT INTO [Leads] ([CreatedAt], [InterestedDomain], [Email], [FunnelStage], [Location], [Name], [Notes], [Phone], [Score], [Source], [Status])
      OUTPUT INSERTED.[Id]
      VALUES (@p0, @p1, @p2, @p3, @p4, @p5, @p6, @p7, @p8, @p9, @p10);
info: Microsoft.EntityFrameworkCore.Database.Command[20101]
      Executed DbCommand (1ms) [Parameters=[@p0='?' (DbType = Int32), @p1='?' (Size = 20), @p2='?' (DbType = DateTime2)], CommandType='Text', CommandTimeout='30']
      SET IMPLICIT_TRANSACTIONS OFF;
      SET NOCOUNT ON;
      INSERT INTO [FunnelEvents] ([LeadId], [Stage], [Timestamp])
      OUTPUT INSERTED.[Id]
      VALUES (@p0, @p1, @p2);
info: Microsoft.EntityFrameworkCore.Database.Command[20101]
      Executed DbCommand (3ms) [Parameters=[@p0='?' (Size = 60), @p1='?' (DbType = DateTime2), @p2='?' (DbType = Int32), @p3='?' (Size = 500), @p4='?' (Size = 30)], CommandType='Text', CommandTimeout='30']
      SET IMPLICIT_TRANSACTIONS OFF;
      SET NOCOUNT ON;
      INSERT INTO [LeadActivityLogs] ([ActivityType], [CreatedAt], [LeadId], [Message], [Status])
      OUTPUT INSERTED.[Id]
      VALUES (@p0, @p1, @p2, @p3, @p4);
info: Microsoft.EntityFrameworkCore.Database.Command[20101]
      Executed DbCommand (2ms) [Parameters=[@p0='?' (DbType = DateTime2), @p1='?' (DbType = Int32), @p2='?' (Size = 4000), @p3='?' (Size = 4000), @p4='?' (Size = 4000)], CommandType='Text', CommandTimeout='30']
      SET IMPLICIT_TRANSACTIONS OFF;
      SET NOCOUNT ON;
      INSERT INTO [EmailAutomationLogs] ([CreatedAt], [LeadId], [Status], [Subject], [TemplateKey])
      OUTPUT INSERTED.[Id]
      VALUES (@p0, @p1, @p2, @p3, @p4);
info: Microsoft.EntityFrameworkCore.Database.Command[20101]
      Executed DbCommand (1ms) [Parameters=[@p0='?' (Size = 60), @p1='?' (DbType = DateTime2), @p2='?' (DbType = Int32), @p3='?' (Size = 500), @p4='?' (Size = 30)], CommandType='Text', CommandTimeout='30']
      SET IMPLICIT_TRANSACTIONS OFF;
      SET NOCOUNT ON;
      INSERT INTO [LeadActivityLogs] ([ActivityType], [CreatedAt], [LeadId], [Message], [Status])
      OUTPUT INSERTED.[Id]
      VALUES (@p0, @p1, @p2, @p3, @p4);
info: Microsoft.EntityFrameworkCore.Database.Command[20101]
      Executed DbCommand (2ms) [Parameters=[@p0='?' (DbType = DateTime2), @p1='?' (DbType = Int32), @p2='?' (Size = 4000), @p3='?' (Size = 4000), @p4='?' (Size = 4000)], CommandType='Text', CommandTimeout='30']
      SET IMPLICIT_TRANSACTIONS OFF;
      SET NOCOUNT ON;
      INSERT INTO [WhatsAppMessageLogs] ([CreatedAt], [LeadId], [MessageType], [Phone], [Status])
      OUTPUT INSERTED.[Id]
      VALUES (@p0, @p1, @p2, @p3, @p4);
info: Microsoft.EntityFrameworkCore.Database.Command[20101]
      Executed DbCommand (2ms) [Parameters=[@p0='?' (Size = 60), @p1='?' (DbType = DateTime2), @p2='?' (DbType = Int32), @p3='?' (Size = 500), @p4='?' (Size = 30)], CommandType='Text', CommandTimeout='30']
      SET IMPLICIT_TRANSACTIONS OFF;
      SET NOCOUNT ON;
      INSERT INTO [LeadActivityLogs] ([ActivityType], [CreatedAt], [LeadId], [Message], [Status])
      OUTPUT INSERTED.[Id]
      VALUES (@p0, @p1, @p2, @p3, @p4);
info: Microsoft.EntityFrameworkCore.Database.Command[20101]
      Executed DbCommand (3ms) [Parameters=[@__sessionId_0='?' (Size = 80)], CommandType='Text', CommandTimeout='30']
      SELECT TOP(1) [c].[Id], [c].[CreatedAt], [c].[Domain], [c].[Email], [c].[LeadCaptured], [c].[Location], [c].[Name], [c].[Phone], [c].[SessionId], [c].[Source], [c].[Stage]
      FROM [ChatSessions] AS [c]
      WHERE [c].[SessionId] = @__sessionId_0
info: Microsoft.EntityFrameworkCore.Database.Command[20101]
      Executed DbCommand (3ms) [Parameters=[@p10='?' (DbType = Int32), @p0='?' (DbType = DateTime2), @p1='?' (Size = 4000), @p2='?' (Size = 4000), @p3='?' (DbType = Boolean), @p4='?' (Size = 4000), @p5='?' (Size = 4000), @p6='?' (Size = 4000), @p7='?' (Size = 80), @p8='?' (Size = 4000), @p9='?' (Size = 50)], CommandType='Text', CommandTimeout='30']
      SET IMPLICIT_TRANSACTIONS OFF;
      SET NOCOUNT ON;
      UPDATE [ChatSessions] SET [CreatedAt] = @p0, [Domain] = @p1, [Email] = @p2, [LeadCaptured] = @p3, [Location] = @p4, [Name] = @p5, [Phone] = @p6, [SessionId] = @p7, [Source] = @p8, [Stage] = @p9
      OUTPUT 1
      WHERE [Id] = @p10;
info: Microsoft.EntityFrameworkCore.Database.Command[20101]
      Executed DbCommand (2ms) [Parameters=[@p0='?' (DbType = Int32), @p1='?' (Size = 2000), @p2='?' (DbType = DateTime2), @p3='?' (Size = 20)], CommandType='Text', CommandTimeout='30']
      SET IMPLICIT_TRANSACTIONS OFF;
      SET NOCOUNT ON;
      INSERT INTO [ChatMessages] ([ChatSessionId], [Content], [CreatedAt], [Sender])
      OUTPUT INSERTED.[Id]
      VALUES (@p0, @p1, @p2, @p3);
info: Microsoft.EntityFrameworkCore.Database.Command[20101]
      Executed DbCommand (1ms) [Parameters=[@p0='?' (DbType = Int32), @p1='?' (Size = 2000), @p2='?' (DbType = DateTime2), @p3='?' (Size = 20)], CommandType='Text', CommandTimeout='30']
      SET IMPLICIT_TRANSACTIONS OFF;
      SET NOCOUNT ON;
      INSERT INTO [ChatMessages] ([ChatSessionId], [Content], [CreatedAt], [Sender])
      OUTPUT INSERTED.[Id]
      VALUES (@p0, @p1, @p2, @p3);
